2024-05-19T05:59:42.692Z - Starting to scrape activities
2024-05-19T05:59:43.157Z - Browser launched
2024-05-19T05:59:43.223Z - New page created
2024-05-19T05:59:46.537Z - Navigated to https://asiayo.com/zh-tw/package/sport-activities/
2024-05-19T05:59:46.558Z - Selector h2.sc-bTUVah.gHXvgE found
2024-05-19T05:59:46.561Z - Data has been written to C:\Users\zheng\Desktop\js\sports-activities\data\activity.csv
2024-05-19T05:59:46.748Z - Browser closed
2024-05-19T05:59:46.750Z - Starting CSV to JSON conversion
2024-05-19T05:59:46.754Z - CSV data has been converted to JSON and written to C:\Users\zheng\Desktop\js\sports-activities\data\activity.json
2024-05-19T05:59:46.756Z - Starting to send requests
2024-05-19T05:59:46.758Z - Sending payload: {"name":"札幌馬拉松","price":6000}
2024-05-19T05:59:46.758Z - Headers: {"channel":"CP","user":"OOO","Content-Type":"application/json"}
2024-05-19T05:59:47.764Z - Response: {"status":200,"body":"{\"status\":{\"code\":200,\"msg\":\"Success\"}}"}
2024-05-19T05:59:47.765Z - Price is valid for 札幌馬拉松, request successful.
2024-05-19T05:59:47.765Z - Sending payload: {"name":"山形馬拉松","price":6600}
2024-05-19T05:59:47.766Z - Headers: {"channel":"CP","user":"OOO","Content-Type":"application/json"}
2024-05-19T05:59:48.779Z - Response: {"status":200,"body":"{\"status\":{\"code\":200,\"msg\":\"Success\"}}"}
2024-05-19T05:59:48.780Z - Price is valid for 山形馬拉松, request successful.
2024-05-19T05:59:48.781Z - Sending payload: {"name":"神戶馬拉松","price":12150}
2024-05-19T05:59:48.781Z - Headers: {"channel":"CP","user":"OOO","Content-Type":"application/json"}
2024-05-19T05:59:49.793Z - Response: {"status":200,"body":"{\"status\":{\"code\":200,\"msg\":\"Success\"}}"}
2024-05-19T05:59:49.794Z - Price is valid for 神戶馬拉松, request successful.
2024-05-19T05:59:49.794Z - Sending payload: {"name":"金澤馬拉松","price":12800}
2024-05-19T05:59:49.795Z - Headers: {"channel":"CP","user":"OOO","Content-Type":"application/json"}
2024-05-19T05:59:50.803Z - Response: {"status":200,"body":"{\"status\":{\"code\":200,\"msg\":\"Success\"}}"}
2024-05-19T05:59:50.804Z - Price is valid for 金澤馬拉松, request successful.
2024-05-19T05:59:50.804Z - Sending payload: {"name":"岩手盛岡城市馬拉松","price":6650}
2024-05-19T05:59:50.805Z - Headers: {"channel":"CP","user":"OOO","Content-Type":"application/json"}
2024-05-19T05:59:51.805Z - Response: {"status":200,"body":"{\"status\":{\"code\":200,\"msg\":\"Success\"}}"}
2024-05-19T05:59:51.806Z - Price is valid for 岩手盛岡城市馬拉松, request successful.
2024-05-19T05:59:51.807Z - Sending payload: {"name":"北海道馬拉松","price":17500}
2024-05-19T05:59:51.807Z - Headers: {"channel":"CP","user":"OOO","Content-Type":"application/json"}
2024-05-19T05:59:52.820Z - Response: {"status":200,"body":"{\"status\":{\"code\":200,\"msg\":\"Success\"}}"}
2024-05-19T05:59:52.823Z - Price is valid for 北海道馬拉松, request successful.
2024-05-19T05:59:52.824Z - Sending payload: {"name":"岡山馬拉松","price":8150}
2024-05-19T05:59:52.824Z - Headers: {"channel":"CP","user":"OOO","Content-Type":"application/json"}
2024-05-19T05:59:53.834Z - Response: {"status":200,"body":"{\"status\":{\"code\":200,\"msg\":\"Success\"}}"}
2024-05-19T05:59:53.835Z - Price is valid for 岡山馬拉松, request successful.
2024-05-19T05:59:53.836Z - Sending payload: {"name":"岡山馬拉松","price":11600}
2024-05-19T05:59:53.836Z - Headers: {"channel":"CP","user":"OOO","Content-Type":"application/json"}
2024-05-19T05:59:54.851Z - Response: {"status":200,"body":"{\"status\":{\"code\":200,\"msg\":\"Success\"}}"}
2024-05-19T05:59:54.852Z - Price is valid for 岡山馬拉松, request successful.
2024-05-19T05:59:54.853Z - Sending payload: {"name":"舊金山馬拉松","price":129900}
2024-05-19T05:59:54.853Z - Headers: {"channel":"CP","user":"OOO","Content-Type":"application/json"}
2024-05-19T05:59:55.857Z - Response: {"status":200,"body":"{\"status\":{\"code\":200,\"msg\":\"Success\"}}"}
2024-05-19T05:59:55.858Z - Price is valid for 舊金山馬拉松, request successful.
2024-05-19T05:59:55.859Z - Sending payload: {"name":"北海道馬拉松","price":53900}
2024-05-19T05:59:55.860Z - Headers: {"channel":"CP","user":"OOO","Content-Type":"application/json"}
2024-05-19T05:59:56.862Z - Response: {"status":200,"body":"{\"status\":{\"code\":200,\"msg\":\"Success\"}}"}
2024-05-19T05:59:56.862Z - Price is valid for 北海道馬拉松, request successful.
2024-05-19T05:59:56.863Z - Sending payload: {"name":"福岡馬拉松","price":null}
2024-05-19T05:59:56.863Z - Headers: {"channel":"CP","user":"OOO","Content-Type":"application/json"}
2024-05-19T05:59:57.874Z - Response: {"url":"https://api.schedule.asiayo.com/","status":400,"contentType":"application/JSON","headers":{"cache-control":"no-cache, private","content-type":"application/JSON","date":"Wed, 01 May 2099 00:00:00 GMT","server":"nginx","x-request-id":"679723986539296061"},"body":"{\"status\":{\"code\":400,\"msg\":\"Validation failed.\"},\"data\":{\"errors\":{\"price\":[\"The price must be numeric\"]}}}"}
2024-05-19T05:59:57.877Z - Errors for 福岡馬拉松: {"price":["The price must be numeric"]}
2024-05-19T05:59:57.879Z - Sending payload: {"name":"那霸馬拉松","price":null}
2024-05-19T05:59:57.880Z - Headers: {"channel":"CP","user":"OOO","Content-Type":"application/json"}
2024-05-19T05:59:58.894Z - Response: {"url":"https://api.schedule.asiayo.com/","status":400,"contentType":"application/JSON","headers":{"cache-control":"no-cache, private","content-type":"application/JSON","date":"Wed, 01 May 2099 00:00:00 GMT","server":"nginx","x-request-id":"679723986539296061"},"body":"{\"status\":{\"code\":400,\"msg\":\"Validation failed.\"},\"data\":{\"errors\":{\"price\":[\"The price must be numeric\"]}}}"}
2024-05-19T05:59:58.895Z - Errors for 那霸馬拉松: {"price":["The price must be numeric"]}
2024-05-19T05:59:58.896Z - Sending payload: {"name":"奈良馬拉松","price":null}
2024-05-19T05:59:58.896Z - Headers: {"channel":"CP","user":"OOO","Content-Type":"application/json"}
2024-05-19T05:59:59.899Z - Response: {"url":"https://api.schedule.asiayo.com/","status":400,"contentType":"application/JSON","headers":{"cache-control":"no-cache, private","content-type":"application/JSON","date":"Wed, 01 May 2099 00:00:00 GMT","server":"nginx","x-request-id":"679723986539296061"},"body":"{\"status\":{\"code\":400,\"msg\":\"Validation failed.\"},\"data\":{\"errors\":{\"price\":[\"The price must be numeric\"]}}}"}
2024-05-19T05:59:59.900Z - Errors for 奈良馬拉松: {"price":["The price must be numeric"]}
2024-05-19T05:59:59.900Z - Sending payload: {"name":"熊本城馬拉松","price":null}
2024-05-19T05:59:59.901Z - Headers: {"channel":"CP","user":"OOO","Content-Type":"application/json"}
2024-05-19T06:00:00.912Z - Response: {"url":"https://api.schedule.asiayo.com/","status":400,"contentType":"application/JSON","headers":{"cache-control":"no-cache, private","content-type":"application/JSON","date":"Wed, 01 May 2099 00:00:00 GMT","server":"nginx","x-request-id":"679723986539296061"},"body":"{\"status\":{\"code\":400,\"msg\":\"Validation failed.\"},\"data\":{\"errors\":{\"price\":[\"The price must be numeric\"]}}}"}
2024-05-19T06:00:00.913Z - Errors for 熊本城馬拉松: {"price":["The price must be numeric"]}
2024-05-19T06:00:00.914Z - Sending payload: {"name":"京都馬拉松","price":null}
2024-05-19T06:00:00.915Z - Headers: {"channel":"CP","user":"OOO","Content-Type":"application/json"}
2024-05-19T06:00:01.921Z - Response: {"url":"https://api.schedule.asiayo.com/","status":400,"contentType":"application/JSON","headers":{"cache-control":"no-cache, private","content-type":"application/JSON","date":"Wed, 01 May 2099 00:00:00 GMT","server":"nginx","x-request-id":"679723986539296061"},"body":"{\"status\":{\"code\":400,\"msg\":\"Validation failed.\"},\"data\":{\"errors\":{\"price\":[\"The price must be numeric\"]}}}"}
2024-05-19T06:00:01.923Z - Errors for 京都馬拉松: {"price":["The price must be numeric"]}
2024-05-19T06:00:01.925Z - Sending payload: {"name":"北九州馬拉松","price":null}
2024-05-19T06:00:01.926Z - Headers: {"channel":"CP","user":"OOO","Content-Type":"application/json"}
2024-05-19T06:00:02.940Z - Response: {"url":"https://api.schedule.asiayo.com/","status":400,"contentType":"application/JSON","headers":{"cache-control":"no-cache, private","content-type":"application/JSON","date":"Wed, 01 May 2099 00:00:00 GMT","server":"nginx","x-request-id":"679723986539296061"},"body":"{\"status\":{\"code\":400,\"msg\":\"Validation failed.\"},\"data\":{\"errors\":{\"price\":[\"The price must be numeric\"]}}}"}
2024-05-19T06:00:02.941Z - Errors for 北九州馬拉松: {"price":["The price must be numeric"]}
2024-05-19T06:00:02.941Z - Sending payload: {"name":"姬路城馬拉松","price":8888}
2024-05-19T06:00:02.942Z - Headers: {"channel":"CP","user":"OOO","Content-Type":"application/json"}
2024-05-19T06:00:03.945Z - Response: {"status":200,"body":"{\"status\":{\"code\":200,\"msg\":\"Success\"}}"}
2024-05-19T06:00:03.946Z - Price is valid for 姬路城馬拉松, request successful.
2024-05-19T06:00:03.946Z - Sending payload: {"name":"九州佐賀縣櫻花馬拉松","price":null}
2024-05-19T06:00:03.947Z - Headers: {"channel":"CP","user":"OOO","Content-Type":"application/json"}
2024-05-19T06:00:04.955Z - Response: {"url":"https://api.schedule.asiayo.com/","status":400,"contentType":"application/JSON","headers":{"cache-control":"no-cache, private","content-type":"application/JSON","date":"Wed, 01 May 2099 00:00:00 GMT","server":"nginx","x-request-id":"679723986539296061"},"body":"{\"status\":{\"code\":400,\"msg\":\"Validation failed.\"},\"data\":{\"errors\":{\"price\":[\"The price must be numeric\"]}}}"}
2024-05-19T06:00:04.956Z - Errors for 九州佐賀縣櫻花馬拉松: {"price":["The price must be numeric"]}
2024-05-19T06:00:04.956Z - Sending payload: {"name":"鹿兒島馬拉松","price":7166}
2024-05-19T06:00:04.957Z - Headers: {"channel":"CP","user":"OOO","Content-Type":"application/json"}
2024-05-19T06:00:05.964Z - Response: {"status":200,"body":"{\"status\":{\"code\":200,\"msg\":\"Success\"}}"}
2024-05-19T06:00:05.965Z - Price is valid for 鹿兒島馬拉松, request successful.
2024-05-19T06:00:05.965Z - Sending payload: {"name":"名古屋女子馬拉松","price":11100}
2024-05-19T06:00:05.966Z - Headers: {"channel":"CP","user":"OOO","Content-Type":"application/json"}
2024-05-19T06:00:06.977Z - Response: {"status":200,"body":"{\"status\":{\"code\":200,\"msg\":\"Success\"}}"}
2024-05-19T06:00:06.977Z - Price is valid for 名古屋女子馬拉松, request successful.
2024-05-19T06:00:06.978Z - Sending payload: {"name":"飛鳥半馬拉松","price":1000}
2024-05-19T06:00:06.978Z - Headers: {"channel":"CP","user":"OOO","Content-Type":"application/json"}
2024-05-19T06:00:07.982Z - Response: {"status":200,"body":"{\"status\":{\"code\":200,\"msg\":\"Success\"}}"}
2024-05-19T06:00:07.983Z - Price is valid for 飛鳥半馬拉松, request successful.
2024-05-19T06:00:07.983Z - Sending payload: {"name":"布拉格馬拉松","price":129900}
2024-05-19T06:00:07.984Z - Headers: {"channel":"CP","user":"OOO","Content-Type":"application/json"}
2024-05-19T06:00:08.990Z - Response: {"status":200,"body":"{\"status\":{\"code\":200,\"msg\":\"Success\"}}"}
2024-05-19T06:00:08.991Z - Price is valid for 布拉格馬拉松, request successful.
2024-05-19T06:00:08.991Z - Sending payload: {"name":"洞爺湖馬拉松","price":6000}
2024-05-19T06:00:08.992Z - Headers: {"channel":"CP","user":"OOO","Content-Type":"application/json"}
2024-05-19T06:00:09.999Z - Response: {"status":200,"body":"{\"status\":{\"code\":200,\"msg\":\"Success\"}}"}
2024-05-19T06:00:10.000Z - Price is valid for 洞爺湖馬拉松, request successful.
2024-05-19T06:00:10.001Z - Sending payload: {"name":"函館馬拉松","price":8850}
2024-05-19T06:00:10.001Z - Headers: {"channel":"CP","user":"OOO","Content-Type":"application/json"}
2024-05-19T06:00:11.008Z - Response: {"status":200,"body":"{\"status\":{\"code\":200,\"msg\":\"Success\"}}"}
2024-05-19T06:00:11.009Z - Price is valid for 函館馬拉松, request successful.
2024-05-19T06:00:11.010Z - Sending payload: {"name":"富士山馬拉松","price":13200}
2024-05-19T06:00:11.011Z - Headers: {"channel":"CP","user":"OOO","Content-Type":"application/json"}
2024-05-19T06:00:12.013Z - Response: {"status":200,"body":"{\"status\":{\"code\":200,\"msg\":\"Success\"}}"}
2024-05-19T06:00:12.014Z - Price is valid for 富士山馬拉松, request successful.
2024-05-19T06:04:38.260Z - Starting to scrape activities
2024-05-19T06:04:38.788Z - Browser launched
2024-05-19T06:04:38.949Z - New page created
2024-05-19T06:04:42.817Z - Navigated to https://asiayo.com/zh-tw/package/sport-activities/
2024-05-19T06:04:42.842Z - Selector h2.sc-bTUVah.gHXvgE found
2024-05-19T06:04:42.845Z - Data has been written to C:\Users\zheng\Desktop\js\sports-activities\data\activity.csv
2024-05-19T06:04:43.119Z - Browser closed
2024-05-19T06:04:43.121Z - Starting CSV to JSON conversion
2024-05-19T06:04:43.125Z - CSV data has been converted to JSON and written to C:\Users\zheng\Desktop\js\sports-activities\data\activity.json
2024-05-19T06:04:43.127Z - Starting to send requests
2024-05-19T06:04:43.129Z - Sending payload: {"name":"札幌馬拉松","price":6000}
2024-05-19T06:04:43.129Z - Headers: {"channel":"CP","user":"OOO","Content-Type":"application/json"}
2024-05-19T06:04:44.137Z - Response: {"status":200,"body":"{\"status\":{\"code\":200,\"msg\":\"Success\"}}"}
2024-05-19T06:04:44.139Z - Price is valid for 札幌馬拉松, request successful.
2024-05-19T06:04:44.141Z - Sending payload: {"name":"山形馬拉松","price":6600}
2024-05-19T06:04:44.143Z - Headers: {"channel":"CP","user":"OOO","Content-Type":"application/json"}
2024-05-19T06:04:45.147Z - Response: {"status":200,"body":"{\"status\":{\"code\":200,\"msg\":\"Success\"}}"}
2024-05-19T06:04:45.148Z - Price is valid for 山形馬拉松, request successful.
2024-05-19T06:04:45.149Z - Sending payload: {"name":"神戶馬拉松","price":12150}
2024-05-19T06:04:45.150Z - Headers: {"channel":"CP","user":"OOO","Content-Type":"application/json"}
2024-05-19T06:04:46.153Z - Response: {"status":200,"body":"{\"status\":{\"code\":200,\"msg\":\"Success\"}}"}
2024-05-19T06:04:46.154Z - Price is valid for 神戶馬拉松, request successful.
2024-05-19T06:04:46.155Z - Sending payload: {"name":"金澤馬拉松","price":12800}
2024-05-19T06:04:46.156Z - Headers: {"channel":"CP","user":"OOO","Content-Type":"application/json"}
2024-05-19T06:04:47.168Z - Response: {"status":200,"body":"{\"status\":{\"code\":200,\"msg\":\"Success\"}}"}
2024-05-19T06:04:47.169Z - Price is valid for 金澤馬拉松, request successful.
2024-05-19T06:04:47.170Z - Sending payload: {"name":"岩手盛岡城市馬拉松","price":6650}
2024-05-19T06:04:47.171Z - Headers: {"channel":"CP","user":"OOO","Content-Type":"application/json"}
2024-05-19T06:04:48.173Z - Response: {"status":200,"body":"{\"status\":{\"code\":200,\"msg\":\"Success\"}}"}
2024-05-19T06:04:48.175Z - Price is valid for 岩手盛岡城市馬拉松, request successful.
2024-05-19T06:04:48.177Z - Sending payload: {"name":"北海道馬拉松","price":17500}
2024-05-19T06:04:48.179Z - Headers: {"channel":"CP","user":"OOO","Content-Type":"application/json"}
2024-05-19T06:04:49.194Z - Response: {"status":200,"body":"{\"status\":{\"code\":200,\"msg\":\"Success\"}}"}
2024-05-19T06:04:49.196Z - Price is valid for 北海道馬拉松, request successful.
2024-05-19T06:04:49.197Z - Sending payload: {"name":"岡山馬拉松","price":8150}
2024-05-19T06:04:49.198Z - Headers: {"channel":"CP","user":"OOO","Content-Type":"application/json"}
2024-05-19T06:04:50.205Z - Response: {"status":200,"body":"{\"status\":{\"code\":200,\"msg\":\"Success\"}}"}
2024-05-19T06:04:50.206Z - Price is valid for 岡山馬拉松, request successful.
2024-05-19T06:04:50.207Z - Sending payload: {"name":"岡山馬拉松","price":11600}
2024-05-19T06:04:50.207Z - Headers: {"channel":"CP","user":"OOO","Content-Type":"application/json"}
2024-05-19T06:04:51.214Z - Response: {"status":200,"body":"{\"status\":{\"code\":200,\"msg\":\"Success\"}}"}
2024-05-19T06:04:51.216Z - Price is valid for 岡山馬拉松, request successful.
2024-05-19T06:04:51.218Z - Sending payload: {"name":"舊金山馬拉松","price":129900}
2024-05-19T06:04:51.220Z - Headers: {"channel":"CP","user":"OOO","Content-Type":"application/json"}
2024-05-19T06:04:52.224Z - Response: {"status":200,"body":"{\"status\":{\"code\":200,\"msg\":\"Success\"}}"}
2024-05-19T06:04:52.224Z - Price is valid for 舊金山馬拉松, request successful.
2024-05-19T06:04:52.225Z - Sending payload: {"name":"北海道馬拉松","price":53900}
2024-05-19T06:04:52.225Z - Headers: {"channel":"CP","user":"OOO","Content-Type":"application/json"}
2024-05-19T06:04:53.234Z - Response: {"status":200,"body":"{\"status\":{\"code\":200,\"msg\":\"Success\"}}"}
2024-05-19T06:04:53.235Z - Price is valid for 北海道馬拉松, request successful.
2024-05-19T06:04:53.235Z - Sending payload: {"name":"福岡馬拉松","price":null}
2024-05-19T06:04:53.236Z - Headers: {"channel":"CP","user":"OOO","Content-Type":"application/json"}
2024-05-19T06:04:54.241Z - Response: {"url":"https://api.schedule.asiayo.com/","status":400,"contentType":"application/JSON","headers":{"cache-control":"no-cache, private","content-type":"application/JSON","date":"Wed, 01 May 2099 00:00:00 GMT","server":"nginx","x-request-id":"679723986539296061"},"body":"{\"status\":{\"code\":400,\"msg\":\"Validation failed.\"},\"data\":{\"errors\":{\"price\":[\"The price must be numeric\"]}}}"}
2024-05-19T06:04:54.242Z - Errors for 福岡馬拉松: {"price":["The price must be numeric"]}
2024-05-19T06:04:54.243Z - Sending payload: {"name":"那霸馬拉松","price":null}
2024-05-19T06:04:54.244Z - Headers: {"channel":"CP","user":"OOO","Content-Type":"application/json"}
2024-05-19T06:04:55.250Z - Response: {"url":"https://api.schedule.asiayo.com/","status":400,"contentType":"application/JSON","headers":{"cache-control":"no-cache, private","content-type":"application/JSON","date":"Wed, 01 May 2099 00:00:00 GMT","server":"nginx","x-request-id":"679723986539296061"},"body":"{\"status\":{\"code\":400,\"msg\":\"Validation failed.\"},\"data\":{\"errors\":{\"price\":[\"The price must be numeric\"]}}}"}
2024-05-19T06:04:55.253Z - Errors for 那霸馬拉松: {"price":["The price must be numeric"]}
2024-05-19T06:04:55.255Z - Sending payload: {"name":"奈良馬拉松","price":null}
2024-05-19T06:04:55.258Z - Headers: {"channel":"CP","user":"OOO","Content-Type":"application/json"}
2024-05-19T06:04:56.274Z - Response: {"url":"https://api.schedule.asiayo.com/","status":400,"contentType":"application/JSON","headers":{"cache-control":"no-cache, private","content-type":"application/JSON","date":"Wed, 01 May 2099 00:00:00 GMT","server":"nginx","x-request-id":"679723986539296061"},"body":"{\"status\":{\"code\":400,\"msg\":\"Validation failed.\"},\"data\":{\"errors\":{\"price\":[\"The price must be numeric\"]}}}"}
2024-05-19T06:04:56.275Z - Errors for 奈良馬拉松: {"price":["The price must be numeric"]}
2024-05-19T06:04:56.276Z - Sending payload: {"name":"熊本城馬拉松","price":null}
2024-05-19T06:04:56.276Z - Headers: {"channel":"CP","user":"OOO","Content-Type":"application/json"}
2024-05-19T06:04:57.278Z - Response: {"url":"https://api.schedule.asiayo.com/","status":400,"contentType":"application/JSON","headers":{"cache-control":"no-cache, private","content-type":"application/JSON","date":"Wed, 01 May 2099 00:00:00 GMT","server":"nginx","x-request-id":"679723986539296061"},"body":"{\"status\":{\"code\":400,\"msg\":\"Validation failed.\"},\"data\":{\"errors\":{\"price\":[\"The price must be numeric\"]}}}"}
2024-05-19T06:04:57.279Z - Errors for 熊本城馬拉松: {"price":["The price must be numeric"]}
2024-05-19T06:04:57.280Z - Sending payload: {"name":"京都馬拉松","price":null}
2024-05-19T06:04:57.281Z - Headers: {"channel":"CP","user":"OOO","Content-Type":"application/json"}
2024-05-19T06:04:58.287Z - Response: {"url":"https://api.schedule.asiayo.com/","status":400,"contentType":"application/JSON","headers":{"cache-control":"no-cache, private","content-type":"application/JSON","date":"Wed, 01 May 2099 00:00:00 GMT","server":"nginx","x-request-id":"679723986539296061"},"body":"{\"status\":{\"code\":400,\"msg\":\"Validation failed.\"},\"data\":{\"errors\":{\"price\":[\"The price must be numeric\"]}}}"}
2024-05-19T06:04:58.291Z - Errors for 京都馬拉松: {"price":["The price must be numeric"]}
2024-05-19T06:04:58.293Z - Sending payload: {"name":"北九州馬拉松","price":null}
2024-05-19T06:04:58.295Z - Headers: {"channel":"CP","user":"OOO","Content-Type":"application/json"}
2024-05-19T06:04:59.299Z - Response: {"url":"https://api.schedule.asiayo.com/","status":400,"contentType":"application/JSON","headers":{"cache-control":"no-cache, private","content-type":"application/JSON","date":"Wed, 01 May 2099 00:00:00 GMT","server":"nginx","x-request-id":"679723986539296061"},"body":"{\"status\":{\"code\":400,\"msg\":\"Validation failed.\"},\"data\":{\"errors\":{\"price\":[\"The price must be numeric\"]}}}"}
2024-05-19T06:04:59.300Z - Errors for 北九州馬拉松: {"price":["The price must be numeric"]}
2024-05-19T06:04:59.300Z - Sending payload: {"name":"姬路城馬拉松","price":8888}
2024-05-19T06:04:59.301Z - Headers: {"channel":"CP","user":"OOO","Content-Type":"application/json"}
2024-05-19T06:05:00.318Z - Response: {"status":200,"body":"{\"status\":{\"code\":200,\"msg\":\"Success\"}}"}
2024-05-19T06:05:00.319Z - Price is valid for 姬路城馬拉松, request successful.
2024-05-19T06:05:00.320Z - Sending payload: {"name":"九州佐賀縣櫻花馬拉松","price":null}
2024-05-19T06:05:00.321Z - Headers: {"channel":"CP","user":"OOO","Content-Type":"application/json"}
2024-05-19T06:05:01.326Z - Response: {"url":"https://api.schedule.asiayo.com/","status":400,"contentType":"application/JSON","headers":{"cache-control":"no-cache, private","content-type":"application/JSON","date":"Wed, 01 May 2099 00:00:00 GMT","server":"nginx","x-request-id":"679723986539296061"},"body":"{\"status\":{\"code\":400,\"msg\":\"Validation failed.\"},\"data\":{\"errors\":{\"price\":[\"The price must be numeric\"]}}}"}
2024-05-19T06:05:01.330Z - Errors for 九州佐賀縣櫻花馬拉松: {"price":["The price must be numeric"]}
2024-05-19T06:05:01.332Z - Sending payload: {"name":"鹿兒島馬拉松","price":7166}
2024-05-19T06:05:01.333Z - Headers: {"channel":"CP","user":"OOO","Content-Type":"application/json"}
2024-05-19T06:05:02.334Z - Response: {"status":200,"body":"{\"status\":{\"code\":200,\"msg\":\"Success\"}}"}
2024-05-19T06:05:02.336Z - Price is valid for 鹿兒島馬拉松, request successful.
2024-05-19T06:05:02.338Z - Sending payload: {"name":"名古屋女子馬拉松","price":11100}
2024-05-19T06:05:02.339Z - Headers: {"channel":"CP","user":"OOO","Content-Type":"application/json"}
2024-05-19T06:05:03.345Z - Response: {"status":200,"body":"{\"status\":{\"code\":200,\"msg\":\"Success\"}}"}
2024-05-19T06:05:03.346Z - Price is valid for 名古屋女子馬拉松, request successful.
2024-05-19T06:05:03.347Z - Sending payload: {"name":"飛鳥半馬拉松","price":1000}
2024-05-19T06:05:03.348Z - Headers: {"channel":"CP","user":"OOO","Content-Type":"application/json"}
2024-05-19T06:05:04.356Z - Response: {"status":200,"body":"{\"status\":{\"code\":200,\"msg\":\"Success\"}}"}
2024-05-19T06:05:04.358Z - Price is valid for 飛鳥半馬拉松, request successful.
2024-05-19T06:05:04.359Z - Sending payload: {"name":"布拉格馬拉松","price":129900}
2024-05-19T06:05:04.359Z - Headers: {"channel":"CP","user":"OOO","Content-Type":"application/json"}
2024-05-19T06:05:05.366Z - Response: {"status":200,"body":"{\"status\":{\"code\":200,\"msg\":\"Success\"}}"}
2024-05-19T06:05:05.369Z - Price is valid for 布拉格馬拉松, request successful.
2024-05-19T06:05:05.371Z - Sending payload: {"name":"洞爺湖馬拉松","price":6000}
2024-05-19T06:05:05.373Z - Headers: {"channel":"CP","user":"OOO","Content-Type":"application/json"}
2024-05-19T06:05:06.377Z - Response: {"status":200,"body":"{\"status\":{\"code\":200,\"msg\":\"Success\"}}"}
2024-05-19T06:05:06.377Z - Price is valid for 洞爺湖馬拉松, request successful.
2024-05-19T06:05:06.378Z - Sending payload: {"name":"函館馬拉松","price":8850}
2024-05-19T06:05:06.379Z - Headers: {"channel":"CP","user":"OOO","Content-Type":"application/json"}
2024-05-19T06:05:07.389Z - Response: {"status":200,"body":"{\"status\":{\"code\":200,\"msg\":\"Success\"}}"}
2024-05-19T06:05:07.390Z - Price is valid for 函館馬拉松, request successful.
2024-05-19T06:05:07.391Z - Sending payload: {"name":"富士山馬拉松","price":13200}
2024-05-19T06:05:07.392Z - Headers: {"channel":"CP","user":"OOO","Content-Type":"application/json"}
2024-05-19T06:05:08.394Z - Response: {"status":200,"body":"{\"status\":{\"code\":200,\"msg\":\"Success\"}}"}
2024-05-19T06:05:08.395Z - Price is valid for 富士山馬拉松, request successful.
2024-05-19T06:09:40.045Z - Starting to scrape activities
2024-05-19T06:09:40.497Z - Browser launched
2024-05-19T06:09:40.563Z - New page created
2024-05-19T06:09:45.232Z - Navigated to https://asiayo.com/zh-tw/package/sport-activities/
2024-05-19T06:09:45.252Z - Selector h2.sc-bTUVah.gHXvgE found
2024-05-19T06:09:45.254Z - Data has been written to C:\Users\zheng\Desktop\js\sports-activities\data\activity.csv
2024-05-19T06:09:45.448Z - Browser closed
2024-05-19T06:09:45.450Z - Starting CSV to JSON conversion
2024-05-19T06:09:45.454Z - CSV data has been converted to JSON and written to C:\Users\zheng\Desktop\js\sports-activities\data\activity.json
2024-05-19T06:09:45.456Z - Starting to send requests
2024-05-19T06:09:45.457Z - Sending payload: {"name":"札幌馬拉松","price":"6000"}
2024-05-19T06:09:45.458Z - Headers: {"channel":"CP","user":"OOO","Content-Type":"application/json"}
2024-05-19T06:09:46.468Z - Response: {"url":"https://api.schedule.asiayo.com/","status":400,"contentType":"application/JSON","headers":{"cache-control":"no-cache, private","content-type":"application/JSON","date":"Wed, 01 May 2099 00:00:00 GMT","server":"nginx","x-request-id":"679723986539296061"},"body":"{\"status\":{\"code\":400,\"msg\":\"Validation failed.\"},\"data\":{\"errors\":{\"price\":[\"The price must be numeric\"]}}}"}
2024-05-19T06:09:46.469Z - Errors for 札幌馬拉松: {"price":["The price must be numeric"]}
2024-05-19T06:09:46.470Z - Sending payload: {"name":"山形馬拉松","price":"6600"}
2024-05-19T06:09:46.470Z - Headers: {"channel":"CP","user":"OOO","Content-Type":"application/json"}
2024-05-19T06:09:47.484Z - Response: {"url":"https://api.schedule.asiayo.com/","status":400,"contentType":"application/JSON","headers":{"cache-control":"no-cache, private","content-type":"application/JSON","date":"Wed, 01 May 2099 00:00:00 GMT","server":"nginx","x-request-id":"679723986539296061"},"body":"{\"status\":{\"code\":400,\"msg\":\"Validation failed.\"},\"data\":{\"errors\":{\"price\":[\"The price must be numeric\"]}}}"}
2024-05-19T06:09:47.485Z - Errors for 山形馬拉松: {"price":["The price must be numeric"]}
2024-05-19T06:09:47.486Z - Sending payload: {"name":"神戶馬拉松","price":"12150"}
2024-05-19T06:09:47.487Z - Headers: {"channel":"CP","user":"OOO","Content-Type":"application/json"}
2024-05-19T06:09:48.496Z - Response: {"url":"https://api.schedule.asiayo.com/","status":400,"contentType":"application/JSON","headers":{"cache-control":"no-cache, private","content-type":"application/JSON","date":"Wed, 01 May 2099 00:00:00 GMT","server":"nginx","x-request-id":"679723986539296061"},"body":"{\"status\":{\"code\":400,\"msg\":\"Validation failed.\"},\"data\":{\"errors\":{\"price\":[\"The price must be numeric\"]}}}"}
2024-05-19T06:09:48.498Z - Errors for 神戶馬拉松: {"price":["The price must be numeric"]}
2024-05-19T06:09:48.499Z - Sending payload: {"name":"金澤馬拉松","price":"12800"}
2024-05-19T06:09:48.500Z - Headers: {"channel":"CP","user":"OOO","Content-Type":"application/json"}
2024-05-19T06:09:49.515Z - Response: {"url":"https://api.schedule.asiayo.com/","status":400,"contentType":"application/JSON","headers":{"cache-control":"no-cache, private","content-type":"application/JSON","date":"Wed, 01 May 2099 00:00:00 GMT","server":"nginx","x-request-id":"679723986539296061"},"body":"{\"status\":{\"code\":400,\"msg\":\"Validation failed.\"},\"data\":{\"errors\":{\"price\":[\"The price must be numeric\"]}}}"}
2024-05-19T06:09:49.519Z - Errors for 金澤馬拉松: {"price":["The price must be numeric"]}
2024-05-19T06:09:49.521Z - Sending payload: {"name":"岩手盛岡城市馬拉松","price":"6650"}
2024-05-19T06:09:49.524Z - Headers: {"channel":"CP","user":"OOO","Content-Type":"application/json"}
2024-05-19T06:09:50.526Z - Response: {"url":"https://api.schedule.asiayo.com/","status":400,"contentType":"application/JSON","headers":{"cache-control":"no-cache, private","content-type":"application/JSON","date":"Wed, 01 May 2099 00:00:00 GMT","server":"nginx","x-request-id":"679723986539296061"},"body":"{\"status\":{\"code\":400,\"msg\":\"Validation failed.\"},\"data\":{\"errors\":{\"price\":[\"The price must be numeric\"]}}}"}
2024-05-19T06:09:50.528Z - Errors for 岩手盛岡城市馬拉松: {"price":["The price must be numeric"]}
2024-05-19T06:09:50.528Z - Sending payload: {"name":"北海道馬拉松","price":"17500"}
2024-05-19T06:09:50.529Z - Headers: {"channel":"CP","user":"OOO","Content-Type":"application/json"}
2024-05-19T06:09:51.542Z - Response: {"url":"https://api.schedule.asiayo.com/","status":400,"contentType":"application/JSON","headers":{"cache-control":"no-cache, private","content-type":"application/JSON","date":"Wed, 01 May 2099 00:00:00 GMT","server":"nginx","x-request-id":"679723986539296061"},"body":"{\"status\":{\"code\":400,\"msg\":\"Validation failed.\"},\"data\":{\"errors\":{\"price\":[\"The price must be numeric\"]}}}"}
2024-05-19T06:09:51.543Z - Errors for 北海道馬拉松: {"price":["The price must be numeric"]}
2024-05-19T06:09:51.544Z - Sending payload: {"name":"岡山馬拉松","price":"8150"}
2024-05-19T06:09:51.545Z - Headers: {"channel":"CP","user":"OOO","Content-Type":"application/json"}
2024-05-19T06:09:52.556Z - Response: {"url":"https://api.schedule.asiayo.com/","status":400,"contentType":"application/JSON","headers":{"cache-control":"no-cache, private","content-type":"application/JSON","date":"Wed, 01 May 2099 00:00:00 GMT","server":"nginx","x-request-id":"679723986539296061"},"body":"{\"status\":{\"code\":400,\"msg\":\"Validation failed.\"},\"data\":{\"errors\":{\"price\":[\"The price must be numeric\"]}}}"}
2024-05-19T06:09:52.558Z - Errors for 岡山馬拉松: {"price":["The price must be numeric"]}
2024-05-19T06:09:52.558Z - Sending payload: {"name":"岡山馬拉松","price":"11600"}
2024-05-19T06:09:52.559Z - Headers: {"channel":"CP","user":"OOO","Content-Type":"application/json"}
2024-05-19T06:09:53.562Z - Response: {"url":"https://api.schedule.asiayo.com/","status":400,"contentType":"application/JSON","headers":{"cache-control":"no-cache, private","content-type":"application/JSON","date":"Wed, 01 May 2099 00:00:00 GMT","server":"nginx","x-request-id":"679723986539296061"},"body":"{\"status\":{\"code\":400,\"msg\":\"Validation failed.\"},\"data\":{\"errors\":{\"price\":[\"The price must be numeric\"]}}}"}
2024-05-19T06:09:53.565Z - Errors for 岡山馬拉松: {"price":["The price must be numeric"]}
2024-05-19T06:09:53.566Z - Sending payload: {"name":"舊金山馬拉松","price":"129900"}
2024-05-19T06:09:53.567Z - Headers: {"channel":"CP","user":"OOO","Content-Type":"application/json"}
2024-05-19T06:09:54.578Z - Response: {"url":"https://api.schedule.asiayo.com/","status":400,"contentType":"application/JSON","headers":{"cache-control":"no-cache, private","content-type":"application/JSON","date":"Wed, 01 May 2099 00:00:00 GMT","server":"nginx","x-request-id":"679723986539296061"},"body":"{\"status\":{\"code\":400,\"msg\":\"Validation failed.\"},\"data\":{\"errors\":{\"price\":[\"The price must be numeric\"]}}}"}
2024-05-19T06:09:54.579Z - Errors for 舊金山馬拉松: {"price":["The price must be numeric"]}
2024-05-19T06:09:54.580Z - Sending payload: {"name":"北海道馬拉松","price":"53900"}
2024-05-19T06:09:54.581Z - Headers: {"channel":"CP","user":"OOO","Content-Type":"application/json"}
2024-05-19T06:09:55.590Z - Response: {"url":"https://api.schedule.asiayo.com/","status":400,"contentType":"application/JSON","headers":{"cache-control":"no-cache, private","content-type":"application/JSON","date":"Wed, 01 May 2099 00:00:00 GMT","server":"nginx","x-request-id":"679723986539296061"},"body":"{\"status\":{\"code\":400,\"msg\":\"Validation failed.\"},\"data\":{\"errors\":{\"price\":[\"The price must be numeric\"]}}}"}
2024-05-19T06:09:55.591Z - Errors for 北海道馬拉松: {"price":["The price must be numeric"]}
2024-05-19T06:09:55.591Z - Sending payload: {"name":"福岡馬拉松","price":"null"}
2024-05-19T06:09:55.592Z - Headers: {"channel":"CP","user":"OOO","Content-Type":"application/json"}
2024-05-19T06:09:56.598Z - Response: {"url":"https://api.schedule.asiayo.com/","status":400,"contentType":"application/JSON","headers":{"cache-control":"no-cache, private","content-type":"application/JSON","date":"Wed, 01 May 2099 00:00:00 GMT","server":"nginx","x-request-id":"679723986539296061"},"body":"{\"status\":{\"code\":400,\"msg\":\"Validation failed.\"},\"data\":{\"errors\":{\"price\":[\"The price must be numeric\"]}}}"}
2024-05-19T06:09:56.599Z - Errors for 福岡馬拉松: {"price":["The price must be numeric"]}
2024-05-19T06:09:56.600Z - Sending payload: {"name":"那霸馬拉松","price":"null"}
2024-05-19T06:09:56.601Z - Headers: {"channel":"CP","user":"OOO","Content-Type":"application/json"}
2024-05-19T06:09:57.616Z - Response: {"url":"https://api.schedule.asiayo.com/","status":400,"contentType":"application/JSON","headers":{"cache-control":"no-cache, private","content-type":"application/JSON","date":"Wed, 01 May 2099 00:00:00 GMT","server":"nginx","x-request-id":"679723986539296061"},"body":"{\"status\":{\"code\":400,\"msg\":\"Validation failed.\"},\"data\":{\"errors\":{\"price\":[\"The price must be numeric\"]}}}"}
2024-05-19T06:09:57.620Z - Errors for 那霸馬拉松: {"price":["The price must be numeric"]}
2024-05-19T06:09:57.621Z - Sending payload: {"name":"奈良馬拉松","price":"null"}
2024-05-19T06:09:57.622Z - Headers: {"channel":"CP","user":"OOO","Content-Type":"application/json"}
2024-05-19T06:09:58.623Z - Response: {"url":"https://api.schedule.asiayo.com/","status":400,"contentType":"application/JSON","headers":{"cache-control":"no-cache, private","content-type":"application/JSON","date":"Wed, 01 May 2099 00:00:00 GMT","server":"nginx","x-request-id":"679723986539296061"},"body":"{\"status\":{\"code\":400,\"msg\":\"Validation failed.\"},\"data\":{\"errors\":{\"price\":[\"The price must be numeric\"]}}}"}
2024-05-19T06:09:58.625Z - Errors for 奈良馬拉松: {"price":["The price must be numeric"]}
2024-05-19T06:09:58.625Z - Sending payload: {"name":"熊本城馬拉松","price":"null"}
2024-05-19T06:09:58.626Z - Headers: {"channel":"CP","user":"OOO","Content-Type":"application/json"}
2024-05-19T06:09:59.634Z - Response: {"url":"https://api.schedule.asiayo.com/","status":400,"contentType":"application/JSON","headers":{"cache-control":"no-cache, private","content-type":"application/JSON","date":"Wed, 01 May 2099 00:00:00 GMT","server":"nginx","x-request-id":"679723986539296061"},"body":"{\"status\":{\"code\":400,\"msg\":\"Validation failed.\"},\"data\":{\"errors\":{\"price\":[\"The price must be numeric\"]}}}"}
2024-05-19T06:09:59.638Z - Errors for 熊本城馬拉松: {"price":["The price must be numeric"]}
2024-05-19T06:09:59.640Z - Sending payload: {"name":"京都馬拉松","price":"null"}
2024-05-19T06:09:59.641Z - Headers: {"channel":"CP","user":"OOO","Content-Type":"application/json"}
2024-05-19T06:10:00.643Z - Response: {"url":"https://api.schedule.asiayo.com/","status":400,"contentType":"application/JSON","headers":{"cache-control":"no-cache, private","content-type":"application/JSON","date":"Wed, 01 May 2099 00:00:00 GMT","server":"nginx","x-request-id":"679723986539296061"},"body":"{\"status\":{\"code\":400,\"msg\":\"Validation failed.\"},\"data\":{\"errors\":{\"price\":[\"The price must be numeric\"]}}}"}
2024-05-19T06:10:00.644Z - Errors for 京都馬拉松: {"price":["The price must be numeric"]}
2024-05-19T06:10:00.645Z - Sending payload: {"name":"北九州馬拉松","price":"null"}
2024-05-19T06:10:00.645Z - Headers: {"channel":"CP","user":"OOO","Content-Type":"application/json"}
2024-05-19T06:10:01.661Z - Response: {"url":"https://api.schedule.asiayo.com/","status":400,"contentType":"application/JSON","headers":{"cache-control":"no-cache, private","content-type":"application/JSON","date":"Wed, 01 May 2099 00:00:00 GMT","server":"nginx","x-request-id":"679723986539296061"},"body":"{\"status\":{\"code\":400,\"msg\":\"Validation failed.\"},\"data\":{\"errors\":{\"price\":[\"The price must be numeric\"]}}}"}
2024-05-19T06:10:01.664Z - Errors for 北九州馬拉松: {"price":["The price must be numeric"]}
2024-05-19T06:10:01.666Z - Sending payload: {"name":"姬路城馬拉松","price":"8888"}
2024-05-19T06:10:01.668Z - Headers: {"channel":"CP","user":"OOO","Content-Type":"application/json"}
2024-05-19T06:10:02.686Z - Response: {"url":"https://api.schedule.asiayo.com/","status":400,"contentType":"application/JSON","headers":{"cache-control":"no-cache, private","content-type":"application/JSON","date":"Wed, 01 May 2099 00:00:00 GMT","server":"nginx","x-request-id":"679723986539296061"},"body":"{\"status\":{\"code\":400,\"msg\":\"Validation failed.\"},\"data\":{\"errors\":{\"price\":[\"The price must be numeric\"]}}}"}
2024-05-19T06:10:02.688Z - Errors for 姬路城馬拉松: {"price":["The price must be numeric"]}
2024-05-19T06:10:02.689Z - Sending payload: {"name":"九州佐賀縣櫻花馬拉松","price":"null"}
2024-05-19T06:10:02.689Z - Headers: {"channel":"CP","user":"OOO","Content-Type":"application/json"}
2024-05-19T06:10:03.694Z - Response: {"url":"https://api.schedule.asiayo.com/","status":400,"contentType":"application/JSON","headers":{"cache-control":"no-cache, private","content-type":"application/JSON","date":"Wed, 01 May 2099 00:00:00 GMT","server":"nginx","x-request-id":"679723986539296061"},"body":"{\"status\":{\"code\":400,\"msg\":\"Validation failed.\"},\"data\":{\"errors\":{\"price\":[\"The price must be numeric\"]}}}"}
2024-05-19T06:10:03.697Z - Errors for 九州佐賀縣櫻花馬拉松: {"price":["The price must be numeric"]}
2024-05-19T06:10:03.699Z - Sending payload: {"name":"鹿兒島馬拉松","price":"7166"}
2024-05-19T06:10:03.702Z - Headers: {"channel":"CP","user":"OOO","Content-Type":"application/json"}
2024-05-19T06:10:04.711Z - Response: {"url":"https://api.schedule.asiayo.com/","status":400,"contentType":"application/JSON","headers":{"cache-control":"no-cache, private","content-type":"application/JSON","date":"Wed, 01 May 2099 00:00:00 GMT","server":"nginx","x-request-id":"679723986539296061"},"body":"{\"status\":{\"code\":400,\"msg\":\"Validation failed.\"},\"data\":{\"errors\":{\"price\":[\"The price must be numeric\"]}}}"}
2024-05-19T06:10:04.712Z - Errors for 鹿兒島馬拉松: {"price":["The price must be numeric"]}
2024-05-19T06:10:04.713Z - Sending payload: {"name":"名古屋女子馬拉松","price":"11100"}
2024-05-19T06:10:04.714Z - Headers: {"channel":"CP","user":"OOO","Content-Type":"application/json"}
2024-05-19T06:10:05.718Z - Response: {"url":"https://api.schedule.asiayo.com/","status":400,"contentType":"application/JSON","headers":{"cache-control":"no-cache, private","content-type":"application/JSON","date":"Wed, 01 May 2099 00:00:00 GMT","server":"nginx","x-request-id":"679723986539296061"},"body":"{\"status\":{\"code\":400,\"msg\":\"Validation failed.\"},\"data\":{\"errors\":{\"price\":[\"The price must be numeric\"]}}}"}
2024-05-19T06:10:05.719Z - Errors for 名古屋女子馬拉松: {"price":["The price must be numeric"]}
2024-05-19T06:10:05.720Z - Sending payload: {"name":"飛鳥半馬拉松","price":"1000"}
2024-05-19T06:10:05.720Z - Headers: {"channel":"CP","user":"OOO","Content-Type":"application/json"}
2024-05-19T06:10:06.725Z - Response: {"url":"https://api.schedule.asiayo.com/","status":400,"contentType":"application/JSON","headers":{"cache-control":"no-cache, private","content-type":"application/JSON","date":"Wed, 01 May 2099 00:00:00 GMT","server":"nginx","x-request-id":"679723986539296061"},"body":"{\"status\":{\"code\":400,\"msg\":\"Validation failed.\"},\"data\":{\"errors\":{\"price\":[\"The price must be numeric\"]}}}"}
2024-05-19T06:10:06.729Z - Errors for 飛鳥半馬拉松: {"price":["The price must be numeric"]}
2024-05-19T06:10:06.730Z - Sending payload: {"name":"布拉格馬拉松","price":"129900"}
2024-05-19T06:10:06.731Z - Headers: {"channel":"CP","user":"OOO","Content-Type":"application/json"}
2024-05-19T06:10:07.741Z - Response: {"url":"https://api.schedule.asiayo.com/","status":400,"contentType":"application/JSON","headers":{"cache-control":"no-cache, private","content-type":"application/JSON","date":"Wed, 01 May 2099 00:00:00 GMT","server":"nginx","x-request-id":"679723986539296061"},"body":"{\"status\":{\"code\":400,\"msg\":\"Validation failed.\"},\"data\":{\"errors\":{\"price\":[\"The price must be numeric\"]}}}"}
2024-05-19T06:10:07.742Z - Errors for 布拉格馬拉松: {"price":["The price must be numeric"]}
2024-05-19T06:10:07.742Z - Sending payload: {"name":"洞爺湖馬拉松","price":"6000"}
2024-05-19T06:10:07.743Z - Headers: {"channel":"CP","user":"OOO","Content-Type":"application/json"}
2024-05-19T06:10:08.757Z - Response: {"url":"https://api.schedule.asiayo.com/","status":400,"contentType":"application/JSON","headers":{"cache-control":"no-cache, private","content-type":"application/JSON","date":"Wed, 01 May 2099 00:00:00 GMT","server":"nginx","x-request-id":"679723986539296061"},"body":"{\"status\":{\"code\":400,\"msg\":\"Validation failed.\"},\"data\":{\"errors\":{\"price\":[\"The price must be numeric\"]}}}"}
2024-05-19T06:10:08.758Z - Errors for 洞爺湖馬拉松: {"price":["The price must be numeric"]}
2024-05-19T06:10:08.759Z - Sending payload: {"name":"函館馬拉松","price":"8850"}
2024-05-19T06:10:08.760Z - Headers: {"channel":"CP","user":"OOO","Content-Type":"application/json"}
2024-05-19T06:10:09.766Z - Response: {"url":"https://api.schedule.asiayo.com/","status":400,"contentType":"application/JSON","headers":{"cache-control":"no-cache, private","content-type":"application/JSON","date":"Wed, 01 May 2099 00:00:00 GMT","server":"nginx","x-request-id":"679723986539296061"},"body":"{\"status\":{\"code\":400,\"msg\":\"Validation failed.\"},\"data\":{\"errors\":{\"price\":[\"The price must be numeric\"]}}}"}
2024-05-19T06:10:09.768Z - Errors for 函館馬拉松: {"price":["The price must be numeric"]}
2024-05-19T06:10:09.769Z - Sending payload: {"name":"富士山馬拉松","price":"13200"}
2024-05-19T06:10:09.770Z - Headers: {"channel":"CP","user":"OOO","Content-Type":"application/json"}
2024-05-19T06:10:10.773Z - Response: {"url":"https://api.schedule.asiayo.com/","status":400,"contentType":"application/JSON","headers":{"cache-control":"no-cache, private","content-type":"application/JSON","date":"Wed, 01 May 2099 00:00:00 GMT","server":"nginx","x-request-id":"679723986539296061"},"body":"{\"status\":{\"code\":400,\"msg\":\"Validation failed.\"},\"data\":{\"errors\":{\"price\":[\"The price must be numeric\"]}}}"}
2024-05-19T06:10:10.774Z - Errors for 富士山馬拉松: {"price":["The price must be numeric"]}
2024-05-19T06:12:03.390Z - Starting to scrape activities
2024-05-19T06:12:03.853Z - Browser launched
2024-05-19T06:12:03.916Z - New page created
2024-05-19T06:12:07.645Z - Navigated to https://asiayo.com/zh-tw/package/sport-activities/
2024-05-19T06:12:07.673Z - Selector h2.sc-bTUVah.gHXvgE found
2024-05-19T06:12:07.676Z - Data has been written to C:\Users\zheng\Desktop\js\sports-activities\data\activity.csv
2024-05-19T06:12:07.872Z - Browser closed
2024-05-19T06:12:07.874Z - Starting CSV to JSON conversion
2024-05-19T06:12:07.878Z - CSV data has been converted to JSON and written to C:\Users\zheng\Desktop\js\sports-activities\data\activity.json
2024-05-19T06:12:07.880Z - Starting to send requests
2024-05-19T06:12:07.881Z - Sending payload: {"name":"札幌馬拉松","price":6000}
2024-05-19T06:12:07.882Z - Headers: {"channel":"CP","user":"OOO","Content-Type":"application/json"}
2024-05-19T06:12:08.895Z - Response: {"status":200,"body":"{\"status\":{\"code\":200,\"msg\":\"Success\"}}"}
2024-05-19T06:12:08.896Z - Price is valid for 札幌馬拉松, request successful.
2024-05-19T06:12:08.896Z - Sending payload: {"name":"山形馬拉松","price":6600}
2024-05-19T06:12:08.897Z - Headers: {"channel":"CP","user":"OOO","Content-Type":"application/json"}
2024-05-19T06:12:09.904Z - Response: {"status":200,"body":"{\"status\":{\"code\":200,\"msg\":\"Success\"}}"}
2024-05-19T06:12:09.904Z - Price is valid for 山形馬拉松, request successful.
2024-05-19T06:12:09.905Z - Sending payload: {"name":"神戶馬拉松","price":12150}
2024-05-19T06:12:09.905Z - Headers: {"channel":"CP","user":"OOO","Content-Type":"application/json"}
2024-05-19T06:12:10.906Z - Response: {"status":200,"body":"{\"status\":{\"code\":200,\"msg\":\"Success\"}}"}
2024-05-19T06:12:10.907Z - Price is valid for 神戶馬拉松, request successful.
2024-05-19T06:12:10.908Z - Sending payload: {"name":"金澤馬拉松","price":12800}
2024-05-19T06:12:10.910Z - Headers: {"channel":"CP","user":"OOO","Content-Type":"application/json"}
2024-05-19T06:12:11.921Z - Response: {"status":200,"body":"{\"status\":{\"code\":200,\"msg\":\"Success\"}}"}
2024-05-19T06:12:11.924Z - Price is valid for 金澤馬拉松, request successful.
2024-05-19T06:12:11.927Z - Sending payload: {"name":"岩手盛岡城市馬拉松","price":6650}
2024-05-19T06:12:11.931Z - Headers: {"channel":"CP","user":"OOO","Content-Type":"application/json"}
2024-05-19T06:12:12.936Z - Response: {"status":200,"body":"{\"status\":{\"code\":200,\"msg\":\"Success\"}}"}
2024-05-19T06:12:12.937Z - Price is valid for 岩手盛岡城市馬拉松, request successful.
2024-05-19T06:12:12.937Z - Sending payload: {"name":"北海道馬拉松","price":17500}
2024-05-19T06:12:12.939Z - Headers: {"channel":"CP","user":"OOO","Content-Type":"application/json"}
2024-05-19T06:12:13.955Z - Response: {"status":200,"body":"{\"status\":{\"code\":200,\"msg\":\"Success\"}}"}
2024-05-19T06:12:13.956Z - Price is valid for 北海道馬拉松, request successful.
2024-05-19T06:12:13.957Z - Sending payload: {"name":"岡山馬拉松","price":8150}
2024-05-19T06:12:13.958Z - Headers: {"channel":"CP","user":"OOO","Content-Type":"application/json"}
2024-05-19T06:12:14.961Z - Response: {"status":200,"body":"{\"status\":{\"code\":200,\"msg\":\"Success\"}}"}
2024-05-19T06:12:14.963Z - Price is valid for 岡山馬拉松, request successful.
2024-05-19T06:12:14.964Z - Sending payload: {"name":"岡山馬拉松","price":11600}
2024-05-19T06:12:14.966Z - Headers: {"channel":"CP","user":"OOO","Content-Type":"application/json"}
2024-05-19T06:12:15.981Z - Response: {"status":200,"body":"{\"status\":{\"code\":200,\"msg\":\"Success\"}}"}
2024-05-19T06:12:15.982Z - Price is valid for 岡山馬拉松, request successful.
2024-05-19T06:12:15.982Z - Sending payload: {"name":"舊金山馬拉松","price":129900}
2024-05-19T06:12:15.983Z - Headers: {"channel":"CP","user":"OOO","Content-Type":"application/json"}
2024-05-19T06:12:16.994Z - Response: {"status":200,"body":"{\"status\":{\"code\":200,\"msg\":\"Success\"}}"}
2024-05-19T06:12:16.994Z - Price is valid for 舊金山馬拉松, request successful.
2024-05-19T06:12:16.996Z - Sending payload: {"name":"北海道馬拉松","price":53900}
2024-05-19T06:12:16.996Z - Headers: {"channel":"CP","user":"OOO","Content-Type":"application/json"}
2024-05-19T06:12:17.997Z - Response: {"status":200,"body":"{\"status\":{\"code\":200,\"msg\":\"Success\"}}"}
2024-05-19T06:12:17.998Z - Price is valid for 北海道馬拉松, request successful.
2024-05-19T06:12:17.998Z - Sending payload: {"name":"福岡馬拉松","price":null}
2024-05-19T06:12:17.999Z - Headers: {"channel":"CP","user":"OOO","Content-Type":"application/json"}
2024-05-19T06:12:19.010Z - Response: {"url":"https://api.schedule.asiayo.com/","status":400,"contentType":"application/JSON","headers":{"cache-control":"no-cache, private","content-type":"application/JSON","date":"Wed, 01 May 2099 00:00:00 GMT","server":"nginx","x-request-id":"679723986539296061"},"body":"{\"status\":{\"code\":400,\"msg\":\"Validation failed.\"},\"data\":{\"errors\":{\"price\":[\"The price must be numeric\"]}}}"}
2024-05-19T06:12:19.011Z - Errors for 福岡馬拉松: {"price":["The price must be numeric"]}
2024-05-19T06:12:19.012Z - Sending payload: {"name":"那霸馬拉松","price":null}
2024-05-19T06:12:19.013Z - Headers: {"channel":"CP","user":"OOO","Content-Type":"application/json"}
2024-05-19T06:12:20.015Z - Response: {"url":"https://api.schedule.asiayo.com/","status":400,"contentType":"application/JSON","headers":{"cache-control":"no-cache, private","content-type":"application/JSON","date":"Wed, 01 May 2099 00:00:00 GMT","server":"nginx","x-request-id":"679723986539296061"},"body":"{\"status\":{\"code\":400,\"msg\":\"Validation failed.\"},\"data\":{\"errors\":{\"price\":[\"The price must be numeric\"]}}}"}
2024-05-19T06:12:20.016Z - Errors for 那霸馬拉松: {"price":["The price must be numeric"]}
2024-05-19T06:12:20.016Z - Sending payload: {"name":"奈良馬拉松","price":null}
2024-05-19T06:12:20.017Z - Headers: {"channel":"CP","user":"OOO","Content-Type":"application/json"}
2024-05-19T06:12:21.024Z - Response: {"url":"https://api.schedule.asiayo.com/","status":400,"contentType":"application/JSON","headers":{"cache-control":"no-cache, private","content-type":"application/JSON","date":"Wed, 01 May 2099 00:00:00 GMT","server":"nginx","x-request-id":"679723986539296061"},"body":"{\"status\":{\"code\":400,\"msg\":\"Validation failed.\"},\"data\":{\"errors\":{\"price\":[\"The price must be numeric\"]}}}"}
2024-05-19T06:12:21.025Z - Errors for 奈良馬拉松: {"price":["The price must be numeric"]}
2024-05-19T06:12:21.027Z - Sending payload: {"name":"熊本城馬拉松","price":null}
2024-05-19T06:12:21.028Z - Headers: {"channel":"CP","user":"OOO","Content-Type":"application/json"}
2024-05-19T06:12:22.031Z - Response: {"url":"https://api.schedule.asiayo.com/","status":400,"contentType":"application/JSON","headers":{"cache-control":"no-cache, private","content-type":"application/JSON","date":"Wed, 01 May 2099 00:00:00 GMT","server":"nginx","x-request-id":"679723986539296061"},"body":"{\"status\":{\"code\":400,\"msg\":\"Validation failed.\"},\"data\":{\"errors\":{\"price\":[\"The price must be numeric\"]}}}"}
2024-05-19T06:12:22.032Z - Errors for 熊本城馬拉松: {"price":["The price must be numeric"]}
2024-05-19T06:12:22.033Z - Sending payload: {"name":"京都馬拉松","price":null}
2024-05-19T06:12:22.033Z - Headers: {"channel":"CP","user":"OOO","Content-Type":"application/json"}
2024-05-19T06:12:23.048Z - Response: {"url":"https://api.schedule.asiayo.com/","status":400,"contentType":"application/JSON","headers":{"cache-control":"no-cache, private","content-type":"application/JSON","date":"Wed, 01 May 2099 00:00:00 GMT","server":"nginx","x-request-id":"679723986539296061"},"body":"{\"status\":{\"code\":400,\"msg\":\"Validation failed.\"},\"data\":{\"errors\":{\"price\":[\"The price must be numeric\"]}}}"}
2024-05-19T06:12:23.050Z - Errors for 京都馬拉松: {"price":["The price must be numeric"]}
2024-05-19T06:12:23.050Z - Sending payload: {"name":"北九州馬拉松","price":null}
2024-05-19T06:12:23.051Z - Headers: {"channel":"CP","user":"OOO","Content-Type":"application/json"}
2024-05-19T06:12:24.056Z - Response: {"url":"https://api.schedule.asiayo.com/","status":400,"contentType":"application/JSON","headers":{"cache-control":"no-cache, private","content-type":"application/JSON","date":"Wed, 01 May 2099 00:00:00 GMT","server":"nginx","x-request-id":"679723986539296061"},"body":"{\"status\":{\"code\":400,\"msg\":\"Validation failed.\"},\"data\":{\"errors\":{\"price\":[\"The price must be numeric\"]}}}"}
2024-05-19T06:12:24.059Z - Errors for 北九州馬拉松: {"price":["The price must be numeric"]}
2024-05-19T06:12:24.061Z - Sending payload: {"name":"姬路城馬拉松","price":8888}
2024-05-19T06:12:24.063Z - Headers: {"channel":"CP","user":"OOO","Content-Type":"application/json"}
2024-05-19T06:12:25.068Z - Response: {"status":200,"body":"{\"status\":{\"code\":200,\"msg\":\"Success\"}}"}
2024-05-19T06:12:25.068Z - Price is valid for 姬路城馬拉松, request successful.
2024-05-19T06:12:25.069Z - Sending payload: {"name":"九州佐賀縣櫻花馬拉松","price":null}
2024-05-19T06:12:25.069Z - Headers: {"channel":"CP","user":"OOO","Content-Type":"application/json"}
2024-05-19T06:12:26.084Z - Response: {"url":"https://api.schedule.asiayo.com/","status":400,"contentType":"application/JSON","headers":{"cache-control":"no-cache, private","content-type":"application/JSON","date":"Wed, 01 May 2099 00:00:00 GMT","server":"nginx","x-request-id":"679723986539296061"},"body":"{\"status\":{\"code\":400,\"msg\":\"Validation failed.\"},\"data\":{\"errors\":{\"price\":[\"The price must be numeric\"]}}}"}
2024-05-19T06:12:26.086Z - Errors for 九州佐賀縣櫻花馬拉松: {"price":["The price must be numeric"]}
2024-05-19T06:12:26.087Z - Sending payload: {"name":"鹿兒島馬拉松","price":7166}
2024-05-19T06:12:26.088Z - Headers: {"channel":"CP","user":"OOO","Content-Type":"application/json"}
2024-05-19T06:12:27.095Z - Response: {"status":200,"body":"{\"status\":{\"code\":200,\"msg\":\"Success\"}}"}
2024-05-19T06:12:27.098Z - Price is valid for 鹿兒島馬拉松, request successful.
2024-05-19T06:12:27.100Z - Sending payload: {"name":"名古屋女子馬拉松","price":11100}
2024-05-19T06:12:27.100Z - Headers: {"channel":"CP","user":"OOO","Content-Type":"application/json"}
2024-05-19T06:12:28.114Z - Response: {"status":200,"body":"{\"status\":{\"code\":200,\"msg\":\"Success\"}}"}
2024-05-19T06:12:28.114Z - Price is valid for 名古屋女子馬拉松, request successful.
2024-05-19T06:12:28.115Z - Sending payload: {"name":"飛鳥半馬拉松","price":1000}
2024-05-19T06:12:28.116Z - Headers: {"channel":"CP","user":"OOO","Content-Type":"application/json"}
2024-05-19T06:12:29.119Z - Response: {"status":200,"body":"{\"status\":{\"code\":200,\"msg\":\"Success\"}}"}
2024-05-19T06:12:29.120Z - Price is valid for 飛鳥半馬拉松, request successful.
2024-05-19T06:12:29.121Z - Sending payload: {"name":"布拉格馬拉松","price":129900}
2024-05-19T06:12:29.121Z - Headers: {"channel":"CP","user":"OOO","Content-Type":"application/json"}
2024-05-19T06:12:30.126Z - Response: {"status":200,"body":"{\"status\":{\"code\":200,\"msg\":\"Success\"}}"}
2024-05-19T06:12:30.127Z - Price is valid for 布拉格馬拉松, request successful.
2024-05-19T06:12:30.128Z - Sending payload: {"name":"洞爺湖馬拉松","price":6000}
2024-05-19T06:12:30.128Z - Headers: {"channel":"CP","user":"OOO","Content-Type":"application/json"}
2024-05-19T06:12:31.133Z - Response: {"status":200,"body":"{\"status\":{\"code\":200,\"msg\":\"Success\"}}"}
2024-05-19T06:12:31.134Z - Price is valid for 洞爺湖馬拉松, request successful.
2024-05-19T06:12:31.135Z - Sending payload: {"name":"函館馬拉松","price":8850}
2024-05-19T06:12:31.135Z - Headers: {"channel":"CP","user":"OOO","Content-Type":"application/json"}
2024-05-19T06:12:32.138Z - Response: {"status":200,"body":"{\"status\":{\"code\":200,\"msg\":\"Success\"}}"}
2024-05-19T06:12:32.140Z - Price is valid for 函館馬拉松, request successful.
2024-05-19T06:12:32.142Z - Sending payload: {"name":"富士山馬拉松","price":13200}
2024-05-19T06:12:32.144Z - Headers: {"channel":"CP","user":"OOO","Content-Type":"application/json"}
2024-05-19T06:12:33.159Z - Response: {"status":200,"body":"{\"status\":{\"code\":200,\"msg\":\"Success\"}}"}
2024-05-19T06:12:33.162Z - Price is valid for 富士山馬拉松, request successful.
2024-05-19T06:36:50.733Z - 開始抓取活動
2024-05-19T06:36:51.151Z - 瀏覽器已啟動
2024-05-19T06:36:51.237Z - 新頁面已創建
2024-05-19T06:36:55.547Z - 已導航到 https://asiayo.com/zh-tw/package/sport-activities/
2024-05-19T06:36:55.576Z - 找到選擇器 h2.sc-bTUVah.gHXvgE
2024-05-19T06:36:55.579Z - 數據已寫入 C:\Users\zheng\Desktop\js\sports-activities\data\activity.csv
2024-05-19T06:36:55.772Z - 瀏覽器已關閉
2024-05-19T06:36:55.774Z - 開始 CSV 到 JSON 的轉換
2024-05-19T06:36:55.778Z - CSV 數據已轉換為 JSON 並寫入 C:\Users\zheng\Desktop\js\sports-activities\data\activity.json
2024-05-19T06:36:55.780Z - 開始發送請求
2024-05-19T06:36:55.782Z - 發送數據：{"name":"札幌馬拉松","price":6000}
2024-05-19T06:36:55.783Z - 標頭：{"channel":"CP","user":"OOO","Content-Type":"application/json"}
2024-05-19T06:36:56.785Z - 響應：{"status":200,"body":"{\"status\":{\"code\":200,\"msg\":\"Success\"}}"}
2024-05-19T06:36:56.786Z - 活動 札幌馬拉松 的價格有效，請求成功。
2024-05-19T06:36:56.787Z - 發送數據：{"name":"山形馬拉松","price":6600}
2024-05-19T06:36:56.787Z - 標頭：{"channel":"CP","user":"OOO","Content-Type":"application/json"}
2024-05-19T06:36:57.794Z - 響應：{"status":200,"body":"{\"status\":{\"code\":200,\"msg\":\"Success\"}}"}
2024-05-19T06:36:57.796Z - 活動 山形馬拉松 的價格有效，請求成功。
2024-05-19T06:36:57.798Z - 發送數據：{"name":"神戶馬拉松","price":12150}
2024-05-19T06:36:57.801Z - 標頭：{"channel":"CP","user":"OOO","Content-Type":"application/json"}
2024-05-19T06:36:58.817Z - 響應：{"status":200,"body":"{\"status\":{\"code\":200,\"msg\":\"Success\"}}"}
2024-05-19T06:36:58.818Z - 活動 神戶馬拉松 的價格有效，請求成功。
2024-05-19T06:36:58.819Z - 發送數據：{"name":"金澤馬拉松","price":12800}
2024-05-19T06:36:58.820Z - 標頭：{"channel":"CP","user":"OOO","Content-Type":"application/json"}
2024-05-19T06:36:59.826Z - 響應：{"status":200,"body":"{\"status\":{\"code\":200,\"msg\":\"Success\"}}"}
2024-05-19T06:36:59.827Z - 活動 金澤馬拉松 的價格有效，請求成功。
2024-05-19T06:36:59.828Z - 發送數據：{"name":"岩手盛岡城市馬拉松","price":6650}
2024-05-19T06:36:59.829Z - 標頭：{"channel":"CP","user":"OOO","Content-Type":"application/json"}
2024-05-19T06:37:00.844Z - 響應：{"status":200,"body":"{\"status\":{\"code\":200,\"msg\":\"Success\"}}"}
2024-05-19T06:37:00.846Z - 活動 岩手盛岡城市馬拉松 的價格有效，請求成功。
2024-05-19T06:37:00.849Z - 發送數據：{"name":"北海道馬拉松","price":17500}
2024-05-19T06:37:00.851Z - 標頭：{"channel":"CP","user":"OOO","Content-Type":"application/json"}
2024-05-19T06:37:01.854Z - 響應：{"status":200,"body":"{\"status\":{\"code\":200,\"msg\":\"Success\"}}"}
2024-05-19T06:37:01.855Z - 活動 北海道馬拉松 的價格有效，請求成功。
2024-05-19T06:37:01.855Z - 發送數據：{"name":"岡山馬拉松","price":8150}
2024-05-19T06:37:01.856Z - 標頭：{"channel":"CP","user":"OOO","Content-Type":"application/json"}
2024-05-19T06:37:02.863Z - 響應：{"status":200,"body":"{\"status\":{\"code\":200,\"msg\":\"Success\"}}"}
2024-05-19T06:37:02.865Z - 活動 岡山馬拉松 的價格有效，請求成功。
2024-05-19T06:37:02.867Z - 發送數據：{"name":"岡山馬拉松","price":11600}
2024-05-19T06:37:02.868Z - 標頭：{"channel":"CP","user":"OOO","Content-Type":"application/json"}
2024-05-19T06:37:03.882Z - 響應：{"status":200,"body":"{\"status\":{\"code\":200,\"msg\":\"Success\"}}"}
2024-05-19T06:37:03.884Z - 活動 岡山馬拉松 的價格有效，請求成功。
2024-05-19T06:37:03.886Z - 發送數據：{"name":"舊金山馬拉松","price":129900}
2024-05-19T06:37:03.889Z - 標頭：{"channel":"CP","user":"OOO","Content-Type":"application/json"}
2024-05-19T06:37:04.892Z - 響應：{"status":200,"body":"{\"status\":{\"code\":200,\"msg\":\"Success\"}}"}
2024-05-19T06:37:04.893Z - 活動 舊金山馬拉松 的價格有效，請求成功。
2024-05-19T06:37:04.894Z - 發送數據：{"name":"北海道馬拉松","price":53900}
2024-05-19T06:37:04.895Z - 標頭：{"channel":"CP","user":"OOO","Content-Type":"application/json"}
2024-05-19T06:37:05.902Z - 響應：{"status":200,"body":"{\"status\":{\"code\":200,\"msg\":\"Success\"}}"}
2024-05-19T06:37:05.904Z - 活動 北海道馬拉松 的價格有效，請求成功。
2024-05-19T06:37:05.906Z - 發送數據：{"name":"福岡馬拉松","price":null}
2024-05-19T06:37:05.907Z - 標頭：{"channel":"CP","user":"OOO","Content-Type":"application/json"}
2024-05-19T06:37:06.923Z - 響應：{"url":"https://api.schedule.asiayo.com/","status":400,"contentType":"application/JSON","headers":{"cache-control":"no-cache, private","content-type":"application/JSON","date":"Wed, 01 May 2099 00:00:00 GMT","server":"nginx","x-request-id":"679723986539296061"},"body":"{\"status\":{\"code\":400,\"msg\":\"Validation failed.\"},\"data\":{\"errors\":{\"price\":[\"The price must be numeric\"]}}}"}
2024-05-19T06:37:06.926Z - 活動 福岡馬拉松 的錯誤：{"price":["The price must be numeric"]}
2024-05-19T06:37:06.928Z - 發送數據：{"name":"那霸馬拉松","price":null}
2024-05-19T06:37:06.928Z - 標頭：{"channel":"CP","user":"OOO","Content-Type":"application/json"}
2024-05-19T06:37:07.943Z - 響應：{"url":"https://api.schedule.asiayo.com/","status":400,"contentType":"application/JSON","headers":{"cache-control":"no-cache, private","content-type":"application/JSON","date":"Wed, 01 May 2099 00:00:00 GMT","server":"nginx","x-request-id":"679723986539296061"},"body":"{\"status\":{\"code\":400,\"msg\":\"Validation failed.\"},\"data\":{\"errors\":{\"price\":[\"The price must be numeric\"]}}}"}
2024-05-19T06:37:07.946Z - 活動 那霸馬拉松 的錯誤：{"price":["The price must be numeric"]}
2024-05-19T06:37:07.948Z - 發送數據：{"name":"奈良馬拉松","price":null}
2024-05-19T06:37:07.949Z - 標頭：{"channel":"CP","user":"OOO","Content-Type":"application/json"}
2024-05-19T06:37:08.963Z - 響應：{"url":"https://api.schedule.asiayo.com/","status":400,"contentType":"application/JSON","headers":{"cache-control":"no-cache, private","content-type":"application/JSON","date":"Wed, 01 May 2099 00:00:00 GMT","server":"nginx","x-request-id":"679723986539296061"},"body":"{\"status\":{\"code\":400,\"msg\":\"Validation failed.\"},\"data\":{\"errors\":{\"price\":[\"The price must be numeric\"]}}}"}
2024-05-19T06:37:08.964Z - 活動 奈良馬拉松 的錯誤：{"price":["The price must be numeric"]}
2024-05-19T06:37:08.964Z - 發送數據：{"name":"熊本城馬拉松","price":null}
2024-05-19T06:37:08.965Z - 標頭：{"channel":"CP","user":"OOO","Content-Type":"application/json"}
2024-05-19T06:37:09.982Z - 響應：{"url":"https://api.schedule.asiayo.com/","status":400,"contentType":"application/JSON","headers":{"cache-control":"no-cache, private","content-type":"application/JSON","date":"Wed, 01 May 2099 00:00:00 GMT","server":"nginx","x-request-id":"679723986539296061"},"body":"{\"status\":{\"code\":400,\"msg\":\"Validation failed.\"},\"data\":{\"errors\":{\"price\":[\"The price must be numeric\"]}}}"}
2024-05-19T06:37:09.985Z - 活動 熊本城馬拉松 的錯誤：{"price":["The price must be numeric"]}
2024-05-19T06:37:09.987Z - 發送數據：{"name":"京都馬拉松","price":null}
2024-05-19T06:37:09.989Z - 標頭：{"channel":"CP","user":"OOO","Content-Type":"application/json"}
2024-05-19T06:37:11.002Z - 響應：{"url":"https://api.schedule.asiayo.com/","status":400,"contentType":"application/JSON","headers":{"cache-control":"no-cache, private","content-type":"application/JSON","date":"Wed, 01 May 2099 00:00:00 GMT","server":"nginx","x-request-id":"679723986539296061"},"body":"{\"status\":{\"code\":400,\"msg\":\"Validation failed.\"},\"data\":{\"errors\":{\"price\":[\"The price must be numeric\"]}}}"}
2024-05-19T06:37:11.005Z - 活動 京都馬拉松 的錯誤：{"price":["The price must be numeric"]}
2024-05-19T06:37:11.007Z - 發送數據：{"name":"北九州馬拉松","price":null}
2024-05-19T06:37:11.009Z - 標頭：{"channel":"CP","user":"OOO","Content-Type":"application/json"}
2024-05-19T06:37:12.015Z - 響應：{"url":"https://api.schedule.asiayo.com/","status":400,"contentType":"application/JSON","headers":{"cache-control":"no-cache, private","content-type":"application/JSON","date":"Wed, 01 May 2099 00:00:00 GMT","server":"nginx","x-request-id":"679723986539296061"},"body":"{\"status\":{\"code\":400,\"msg\":\"Validation failed.\"},\"data\":{\"errors\":{\"price\":[\"The price must be numeric\"]}}}"}
2024-05-19T06:37:12.018Z - 活動 北九州馬拉松 的錯誤：{"price":["The price must be numeric"]}
2024-05-19T06:37:12.020Z - 發送數據：{"name":"姬路城馬拉松","price":8888}
2024-05-19T06:37:12.022Z - 標頭：{"channel":"CP","user":"OOO","Content-Type":"application/json"}
2024-05-19T06:37:13.035Z - 響應：{"status":200,"body":"{\"status\":{\"code\":200,\"msg\":\"Success\"}}"}
2024-05-19T06:37:13.036Z - 活動 姬路城馬拉松 的價格有效，請求成功。
2024-05-19T06:37:13.038Z - 發送數據：{"name":"九州佐賀縣櫻花馬拉松","price":null}
2024-05-19T06:37:13.039Z - 標頭：{"channel":"CP","user":"OOO","Content-Type":"application/json"}
2024-05-19T06:37:14.043Z - 響應：{"url":"https://api.schedule.asiayo.com/","status":400,"contentType":"application/JSON","headers":{"cache-control":"no-cache, private","content-type":"application/JSON","date":"Wed, 01 May 2099 00:00:00 GMT","server":"nginx","x-request-id":"679723986539296061"},"body":"{\"status\":{\"code\":400,\"msg\":\"Validation failed.\"},\"data\":{\"errors\":{\"price\":[\"The price must be numeric\"]}}}"}
2024-05-19T06:37:14.046Z - 活動 九州佐賀縣櫻花馬拉松 的錯誤：{"price":["The price must be numeric"]}
2024-05-19T06:37:14.048Z - 發送數據：{"name":"鹿兒島馬拉松","price":7166}
2024-05-19T06:37:14.051Z - 標頭：{"channel":"CP","user":"OOO","Content-Type":"application/json"}
2024-05-19T06:37:15.067Z - 響應：{"status":200,"body":"{\"status\":{\"code\":200,\"msg\":\"Success\"}}"}
2024-05-19T06:37:15.068Z - 活動 鹿兒島馬拉松 的價格有效，請求成功。
2024-05-19T06:37:15.069Z - 發送數據：{"name":"名古屋女子馬拉松","price":11100}
2024-05-19T06:37:15.069Z - 標頭：{"channel":"CP","user":"OOO","Content-Type":"application/json"}
2024-05-19T06:37:16.077Z - 響應：{"status":200,"body":"{\"status\":{\"code\":200,\"msg\":\"Success\"}}"}
2024-05-19T06:37:16.079Z - 活動 名古屋女子馬拉松 的價格有效，請求成功。
2024-05-19T06:37:16.080Z - 發送數據：{"name":"飛鳥半馬拉松","price":1000}
2024-05-19T06:37:16.081Z - 標頭：{"channel":"CP","user":"OOO","Content-Type":"application/json"}
2024-05-19T06:37:17.083Z - 響應：{"status":200,"body":"{\"status\":{\"code\":200,\"msg\":\"Success\"}}"}
2024-05-19T06:37:17.084Z - 活動 飛鳥半馬拉松 的價格有效，請求成功。
2024-05-19T06:37:17.085Z - 發送數據：{"name":"布拉格馬拉松","price":129900}
2024-05-19T06:37:17.086Z - 標頭：{"channel":"CP","user":"OOO","Content-Type":"application/json"}
2024-05-19T06:37:18.096Z - 響應：{"status":200,"body":"{\"status\":{\"code\":200,\"msg\":\"Success\"}}"}
2024-05-19T06:37:18.099Z - 活動 布拉格馬拉松 的價格有效，請求成功。
2024-05-19T06:37:18.101Z - 發送數據：{"name":"洞爺湖馬拉松","price":6000}
2024-05-19T06:37:18.102Z - 標頭：{"channel":"CP","user":"OOO","Content-Type":"application/json"}
2024-05-19T06:37:19.104Z - 響應：{"status":200,"body":"{\"status\":{\"code\":200,\"msg\":\"Success\"}}"}
2024-05-19T06:37:19.107Z - 活動 洞爺湖馬拉松 的價格有效，請求成功。
2024-05-19T06:37:19.107Z - 發送數據：{"name":"函館馬拉松","price":8850}
2024-05-19T06:37:19.108Z - 標頭：{"channel":"CP","user":"OOO","Content-Type":"application/json"}
2024-05-19T06:37:20.110Z - 響應：{"status":200,"body":"{\"status\":{\"code\":200,\"msg\":\"Success\"}}"}
2024-05-19T06:37:20.112Z - 活動 函館馬拉松 的價格有效，請求成功。
2024-05-19T06:37:20.115Z - 發送數據：{"name":"富士山馬拉松","price":13200}
2024-05-19T06:37:20.115Z - 標頭：{"channel":"CP","user":"OOO","Content-Type":"application/json"}
2024-05-19T06:37:21.117Z - 響應：{"status":200,"body":"{\"status\":{\"code\":200,\"msg\":\"Success\"}}"}
2024-05-19T06:37:21.118Z - 活動 富士山馬拉松 的價格有效，請求成功。
2024-05-19T06:47:35.143Z - Starting to scrape activities
2024-05-19T06:47:35.559Z - Browser launched
2024-05-19T06:47:35.614Z - New page created
2024-05-19T06:47:40.675Z - Navigated to https://asiayo.com/zh-tw/package/sport-activities/
2024-05-19T06:47:40.705Z - Selector h2.sc-bTUVah.gHXvgE found
2024-05-19T06:51:04.254Z - Starting to scrape activities
2024-05-19T06:51:04.705Z - Browser launched
2024-05-19T06:51:04.765Z - New page created
2024-05-19T06:51:07.059Z - Navigated to https://asiayo.com/zh-tw/package/sport-activities/
2024-05-19T06:51:07.272Z - Selector h2.sc-bTUVah.gHXvgE found
2024-05-19T06:51:07.276Z - Data has been written to C:\Users\zheng\Desktop\js\sports-activities\data\activity.csv
2024-05-19T06:51:07.531Z - Browser closed
2024-05-19T06:51:07.534Z - Starting CSV to JSON conversion
2024-05-19T06:51:07.538Z - CSV data has been converted to JSON and written to C:\Users\zheng\Desktop\js\sports-activities\data\activity.json
2024-05-19T06:51:07.540Z - Starting to send requests
2024-05-19T06:51:07.541Z - Sending payload: {"name":"札幌馬拉松","price":6000}
2024-05-19T06:51:07.543Z - Headers: {"channel":"CP","user":"OOO","Content-Type":"application/json"}
2024-05-19T06:51:08.550Z - Response: {"status":200,"body":"{\"status\":{\"code\":200,\"msg\":\"Success\"}}"}
2024-05-19T06:51:08.550Z - Price is valid for 札幌馬拉松, request successful.
2024-05-19T06:51:08.551Z - Sending payload: {"name":"山形馬拉松","price":6600}
2024-05-19T06:51:08.552Z - Headers: {"channel":"CP","user":"OOO","Content-Type":"application/json"}
2024-05-19T06:51:09.562Z - Response: {"status":200,"body":"{\"status\":{\"code\":200,\"msg\":\"Success\"}}"}
2024-05-19T06:51:09.563Z - Price is valid for 山形馬拉松, request successful.
2024-05-19T06:51:09.564Z - Sending payload: {"name":"神戶馬拉松","price":12150}
2024-05-19T06:51:09.565Z - Headers: {"channel":"CP","user":"OOO","Content-Type":"application/json"}
2024-05-19T06:51:10.574Z - Response: {"status":200,"body":"{\"status\":{\"code\":200,\"msg\":\"Success\"}}"}
2024-05-19T06:51:10.574Z - Price is valid for 神戶馬拉松, request successful.
2024-05-19T06:51:10.575Z - Sending payload: {"name":"金澤馬拉松","price":12800}
2024-05-19T06:51:10.577Z - Headers: {"channel":"CP","user":"OOO","Content-Type":"application/json"}
2024-05-19T06:51:11.581Z - Response: {"status":200,"body":"{\"status\":{\"code\":200,\"msg\":\"Success\"}}"}
2024-05-19T06:51:11.583Z - Price is valid for 金澤馬拉松, request successful.
2024-05-19T06:51:11.586Z - Sending payload: {"name":"岩手盛岡城市馬拉松","price":6650}
2024-05-19T06:51:11.588Z - Headers: {"channel":"CP","user":"OOO","Content-Type":"application/json"}
2024-05-19T06:51:12.595Z - Response: {"status":200,"body":"{\"status\":{\"code\":200,\"msg\":\"Success\"}}"}
2024-05-19T06:51:12.596Z - Price is valid for 岩手盛岡城市馬拉松, request successful.
2024-05-19T06:51:12.596Z - Sending payload: {"name":"北海道馬拉松","price":17500}
2024-05-19T06:51:12.597Z - Headers: {"channel":"CP","user":"OOO","Content-Type":"application/json"}
2024-05-19T06:51:13.602Z - Response: {"status":200,"body":"{\"status\":{\"code\":200,\"msg\":\"Success\"}}"}
2024-05-19T06:51:13.605Z - Price is valid for 北海道馬拉松, request successful.
2024-05-19T06:51:13.607Z - Sending payload: {"name":"岡山馬拉松","price":8150}
2024-05-19T06:51:13.610Z - Headers: {"channel":"CP","user":"OOO","Content-Type":"application/json"}
2024-05-19T06:51:14.624Z - Response: {"status":200,"body":"{\"status\":{\"code\":200,\"msg\":\"Success\"}}"}
2024-05-19T06:51:14.625Z - Price is valid for 岡山馬拉松, request successful.
2024-05-19T06:51:14.626Z - Sending payload: {"name":"岡山馬拉松","price":11600}
2024-05-19T06:51:14.627Z - Headers: {"channel":"CP","user":"OOO","Content-Type":"application/json"}
2024-05-19T06:51:15.629Z - Response: {"status":200,"body":"{\"status\":{\"code\":200,\"msg\":\"Success\"}}"}
2024-05-19T06:51:15.630Z - Price is valid for 岡山馬拉松, request successful.
2024-05-19T06:51:15.631Z - Sending payload: {"name":"舊金山馬拉松","price":129900}
2024-05-19T06:51:15.632Z - Headers: {"channel":"CP","user":"OOO","Content-Type":"application/json"}
2024-05-19T06:51:16.640Z - Response: {"status":200,"body":"{\"status\":{\"code\":200,\"msg\":\"Success\"}}"}
2024-05-19T06:51:16.641Z - Price is valid for 舊金山馬拉松, request successful.
2024-05-19T06:51:16.641Z - Sending payload: {"name":"北海道馬拉松","price":53900}
2024-05-19T06:51:16.642Z - Headers: {"channel":"CP","user":"OOO","Content-Type":"application/json"}
2024-05-19T06:51:17.646Z - Response: {"status":200,"body":"{\"status\":{\"code\":200,\"msg\":\"Success\"}}"}
2024-05-19T06:51:17.649Z - Price is valid for 北海道馬拉松, request successful.
2024-05-19T06:51:17.650Z - Sending payload: {"name":"福岡馬拉松","price":null}
2024-05-19T06:51:17.650Z - Headers: {"channel":"CP","user":"OOO","Content-Type":"application/json"}
2024-05-19T06:51:18.657Z - Response: {"url":"https://api.schedule.asiayo.com/","status":400,"contentType":"application/JSON","headers":{"cache-control":"no-cache, private","content-type":"application/JSON","date":"Wed, 01 May 2099 00:00:00 GMT","server":"nginx","x-request-id":"679723986539296061"},"body":"{\"status\":{\"code\":400,\"msg\":\"Validation failed.\"},\"data\":{\"errors\":{\"price\":[\"The price must be numeric\"]}}}"}
2024-05-19T06:51:18.658Z - Errors for 福岡馬拉松: {"price":["The price must be numeric"]}
2024-05-19T06:51:18.658Z - Sending payload: {"name":"那霸馬拉松","price":null}
2024-05-19T06:51:18.659Z - Headers: {"channel":"CP","user":"OOO","Content-Type":"application/json"}
2024-05-19T06:51:19.667Z - Response: {"url":"https://api.schedule.asiayo.com/","status":400,"contentType":"application/JSON","headers":{"cache-control":"no-cache, private","content-type":"application/JSON","date":"Wed, 01 May 2099 00:00:00 GMT","server":"nginx","x-request-id":"679723986539296061"},"body":"{\"status\":{\"code\":400,\"msg\":\"Validation failed.\"},\"data\":{\"errors\":{\"price\":[\"The price must be numeric\"]}}}"}
2024-05-19T06:51:19.670Z - Errors for 那霸馬拉松: {"price":["The price must be numeric"]}
2024-05-19T06:51:19.672Z - Sending payload: {"name":"奈良馬拉松","price":null}
2024-05-19T06:51:19.675Z - Headers: {"channel":"CP","user":"OOO","Content-Type":"application/json"}
2024-05-19T06:51:20.692Z - Response: {"url":"https://api.schedule.asiayo.com/","status":400,"contentType":"application/JSON","headers":{"cache-control":"no-cache, private","content-type":"application/JSON","date":"Wed, 01 May 2099 00:00:00 GMT","server":"nginx","x-request-id":"679723986539296061"},"body":"{\"status\":{\"code\":400,\"msg\":\"Validation failed.\"},\"data\":{\"errors\":{\"price\":[\"The price must be numeric\"]}}}"}
2024-05-19T06:51:20.694Z - Errors for 奈良馬拉松: {"price":["The price must be numeric"]}
2024-05-19T06:51:20.695Z - Sending payload: {"name":"熊本城馬拉松","price":null}
2024-05-19T06:51:20.695Z - Headers: {"channel":"CP","user":"OOO","Content-Type":"application/json"}
2024-05-19T06:51:21.701Z - Response: {"url":"https://api.schedule.asiayo.com/","status":400,"contentType":"application/JSON","headers":{"cache-control":"no-cache, private","content-type":"application/JSON","date":"Wed, 01 May 2099 00:00:00 GMT","server":"nginx","x-request-id":"679723986539296061"},"body":"{\"status\":{\"code\":400,\"msg\":\"Validation failed.\"},\"data\":{\"errors\":{\"price\":[\"The price must be numeric\"]}}}"}
2024-05-19T06:51:21.702Z - Errors for 熊本城馬拉松: {"price":["The price must be numeric"]}
2024-05-19T06:51:21.703Z - Sending payload: {"name":"京都馬拉松","price":null}
2024-05-19T06:51:21.704Z - Headers: {"channel":"CP","user":"OOO","Content-Type":"application/json"}
2024-05-19T06:51:22.714Z - Response: {"url":"https://api.schedule.asiayo.com/","status":400,"contentType":"application/JSON","headers":{"cache-control":"no-cache, private","content-type":"application/JSON","date":"Wed, 01 May 2099 00:00:00 GMT","server":"nginx","x-request-id":"679723986539296061"},"body":"{\"status\":{\"code\":400,\"msg\":\"Validation failed.\"},\"data\":{\"errors\":{\"price\":[\"The price must be numeric\"]}}}"}
2024-05-19T06:51:22.715Z - Errors for 京都馬拉松: {"price":["The price must be numeric"]}
2024-05-19T06:51:22.715Z - Sending payload: {"name":"北九州馬拉松","price":null}
2024-05-19T06:51:22.716Z - Headers: {"channel":"CP","user":"OOO","Content-Type":"application/json"}
2024-05-19T06:51:23.729Z - Response: {"url":"https://api.schedule.asiayo.com/","status":400,"contentType":"application/JSON","headers":{"cache-control":"no-cache, private","content-type":"application/JSON","date":"Wed, 01 May 2099 00:00:00 GMT","server":"nginx","x-request-id":"679723986539296061"},"body":"{\"status\":{\"code\":400,\"msg\":\"Validation failed.\"},\"data\":{\"errors\":{\"price\":[\"The price must be numeric\"]}}}"}
2024-05-19T06:51:23.730Z - Errors for 北九州馬拉松: {"price":["The price must be numeric"]}
2024-05-19T06:51:23.731Z - Sending payload: {"name":"姬路城馬拉松","price":8888}
2024-05-19T06:51:23.731Z - Headers: {"channel":"CP","user":"OOO","Content-Type":"application/json"}
2024-05-19T06:51:24.738Z - Response: {"status":200,"body":"{\"status\":{\"code\":200,\"msg\":\"Success\"}}"}
2024-05-19T06:51:24.739Z - Price is valid for 姬路城馬拉松, request successful.
2024-05-19T06:51:24.739Z - Sending payload: {"name":"九州佐賀縣櫻花馬拉松","price":null}
2024-05-19T06:51:24.740Z - Headers: {"channel":"CP","user":"OOO","Content-Type":"application/json"}
2024-05-19T06:51:25.743Z - Response: {"url":"https://api.schedule.asiayo.com/","status":400,"contentType":"application/JSON","headers":{"cache-control":"no-cache, private","content-type":"application/JSON","date":"Wed, 01 May 2099 00:00:00 GMT","server":"nginx","x-request-id":"679723986539296061"},"body":"{\"status\":{\"code\":400,\"msg\":\"Validation failed.\"},\"data\":{\"errors\":{\"price\":[\"The price must be numeric\"]}}}"}
2024-05-19T06:51:25.746Z - Errors for 九州佐賀縣櫻花馬拉松: {"price":["The price must be numeric"]}
2024-05-19T06:51:25.747Z - Sending payload: {"name":"鹿兒島馬拉松","price":7166}
2024-05-19T06:51:25.748Z - Headers: {"channel":"CP","user":"OOO","Content-Type":"application/json"}
2024-05-19T06:51:26.751Z - Response: {"status":200,"body":"{\"status\":{\"code\":200,\"msg\":\"Success\"}}"}
2024-05-19T06:51:26.751Z - Price is valid for 鹿兒島馬拉松, request successful.
2024-05-19T06:51:26.752Z - Sending payload: {"name":"名古屋女子馬拉松","price":11100}
2024-05-19T06:51:26.752Z - Headers: {"channel":"CP","user":"OOO","Content-Type":"application/json"}
2024-05-19T06:51:27.758Z - Response: {"status":200,"body":"{\"status\":{\"code\":200,\"msg\":\"Success\"}}"}
2024-05-19T06:51:27.759Z - Price is valid for 名古屋女子馬拉松, request successful.
2024-05-19T06:51:27.759Z - Sending payload: {"name":"飛鳥半馬拉松","price":1000}
2024-05-19T06:51:27.760Z - Headers: {"channel":"CP","user":"OOO","Content-Type":"application/json"}
2024-05-19T06:51:28.765Z - Response: {"status":200,"body":"{\"status\":{\"code\":200,\"msg\":\"Success\"}}"}
2024-05-19T06:51:28.766Z - Price is valid for 飛鳥半馬拉松, request successful.
2024-05-19T06:51:28.767Z - Sending payload: {"name":"布拉格馬拉松","price":129900}
2024-05-19T06:51:28.768Z - Headers: {"channel":"CP","user":"OOO","Content-Type":"application/json"}
2024-05-19T06:51:29.783Z - Response: {"status":200,"body":"{\"status\":{\"code\":200,\"msg\":\"Success\"}}"}
2024-05-19T06:51:29.784Z - Price is valid for 布拉格馬拉松, request successful.
2024-05-19T06:51:29.785Z - Sending payload: {"name":"洞爺湖馬拉松","price":6000}
2024-05-19T06:51:29.786Z - Headers: {"channel":"CP","user":"OOO","Content-Type":"application/json"}
2024-05-19T06:51:30.789Z - Response: {"status":200,"body":"{\"status\":{\"code\":200,\"msg\":\"Success\"}}"}
2024-05-19T06:51:30.791Z - Price is valid for 洞爺湖馬拉松, request successful.
2024-05-19T06:51:30.794Z - Sending payload: {"name":"函館馬拉松","price":8850}
2024-05-19T06:51:30.794Z - Headers: {"channel":"CP","user":"OOO","Content-Type":"application/json"}
2024-05-19T06:51:31.799Z - Response: {"status":200,"body":"{\"status\":{\"code\":200,\"msg\":\"Success\"}}"}
2024-05-19T06:51:31.799Z - Price is valid for 函館馬拉松, request successful.
2024-05-19T06:51:31.800Z - Sending payload: {"name":"富士山馬拉松","price":13200}
2024-05-19T06:51:31.801Z - Headers: {"channel":"CP","user":"OOO","Content-Type":"application/json"}
2024-05-19T06:51:32.810Z - Response: {"status":200,"body":"{\"status\":{\"code\":200,\"msg\":\"Success\"}}"}
2024-05-19T06:51:32.811Z - Price is valid for 富士山馬拉松, request successful.
2024-05-19T06:54:39.799Z - ========================================================
2024-05-19T06:54:39.800Z - Starting to scrape activities
2024-05-19T06:54:40.257Z - Browser launched
2024-05-19T06:54:40.328Z - New page created
2024-05-19T06:54:45.044Z - Navigated to https://asiayo.com/zh-tw/package/sport-activities/
2024-05-19T06:54:45.074Z - Selector h2.sc-bTUVah.gHXvgE found
2024-05-19T06:54:45.077Z - Data has been written to C:\Users\zheng\Desktop\js\sports-activities\data\activity.csv
2024-05-19T06:54:45.289Z - Browser closed
2024-05-19T06:54:45.291Z - ========================================================
2024-05-19T06:54:45.293Z - Starting CSV to JSON conversion
2024-05-19T06:54:45.315Z - CSV data has been converted to JSON and written to C:\Users\zheng\Desktop\js\sports-activities\data\activity.json
2024-05-19T06:54:45.320Z - ========================================================
2024-05-19T06:54:45.322Z - Starting to send requests
2024-05-19T06:54:45.324Z - Sending payload: {"name":"札幌馬拉松","price":6000}
2024-05-19T06:54:45.325Z - Headers: {"channel":"CP","user":"OOO","Content-Type":"application/json"}
2024-05-19T06:54:46.327Z - Response: {"status":200,"body":"{\"status\":{\"code\":200,\"msg\":\"Success\"}}"}
2024-05-19T06:54:46.327Z - Price is valid for 札幌馬拉松, request successful.
2024-05-19T06:54:46.328Z - Sending payload: {"name":"山形馬拉松","price":6600}
2024-05-19T06:54:46.329Z - Headers: {"channel":"CP","user":"OOO","Content-Type":"application/json"}
2024-05-19T06:54:47.334Z - Response: {"status":200,"body":"{\"status\":{\"code\":200,\"msg\":\"Success\"}}"}
2024-05-19T06:54:47.336Z - Price is valid for 山形馬拉松, request successful.
2024-05-19T06:54:47.339Z - Sending payload: {"name":"神戶馬拉松","price":12150}
2024-05-19T06:54:47.342Z - Headers: {"channel":"CP","user":"OOO","Content-Type":"application/json"}
2024-05-19T06:54:48.357Z - Response: {"status":200,"body":"{\"status\":{\"code\":200,\"msg\":\"Success\"}}"}
2024-05-19T06:54:48.358Z - Price is valid for 神戶馬拉松, request successful.
2024-05-19T06:54:48.359Z - Sending payload: {"name":"金澤馬拉松","price":12800}
2024-05-19T06:54:48.359Z - Headers: {"channel":"CP","user":"OOO","Content-Type":"application/json"}
2024-05-19T06:54:49.365Z - Response: {"status":200,"body":"{\"status\":{\"code\":200,\"msg\":\"Success\"}}"}
2024-05-19T06:54:49.365Z - Price is valid for 金澤馬拉松, request successful.
2024-05-19T06:54:49.366Z - Sending payload: {"name":"岩手盛岡城市馬拉松","price":6650}
2024-05-19T06:54:49.367Z - Headers: {"channel":"CP","user":"OOO","Content-Type":"application/json"}
2024-05-19T06:54:50.372Z - Response: {"status":200,"body":"{\"status\":{\"code\":200,\"msg\":\"Success\"}}"}
2024-05-19T06:54:50.373Z - Price is valid for 岩手盛岡城市馬拉松, request successful.
2024-05-19T06:54:50.374Z - Sending payload: {"name":"北海道馬拉松","price":17500}
2024-05-19T06:54:50.374Z - Headers: {"channel":"CP","user":"OOO","Content-Type":"application/json"}
2024-05-19T06:54:51.380Z - Response: {"status":200,"body":"{\"status\":{\"code\":200,\"msg\":\"Success\"}}"}
2024-05-19T06:54:51.381Z - Price is valid for 北海道馬拉松, request successful.
2024-05-19T06:54:51.382Z - Sending payload: {"name":"岡山馬拉松","price":8150}
2024-05-19T06:54:51.382Z - Headers: {"channel":"CP","user":"OOO","Content-Type":"application/json"}
2024-05-19T06:54:52.388Z - Response: {"status":200,"body":"{\"status\":{\"code\":200,\"msg\":\"Success\"}}"}
2024-05-19T06:54:52.389Z - Price is valid for 岡山馬拉松, request successful.
2024-05-19T06:54:52.391Z - Sending payload: {"name":"岡山馬拉松","price":11600}
2024-05-19T06:54:52.392Z - Headers: {"channel":"CP","user":"OOO","Content-Type":"application/json"}
2024-05-19T06:54:53.397Z - Response: {"status":200,"body":"{\"status\":{\"code\":200,\"msg\":\"Success\"}}"}
2024-05-19T06:54:53.398Z - Price is valid for 岡山馬拉松, request successful.
2024-05-19T06:54:53.398Z - Sending payload: {"name":"舊金山馬拉松","price":129900}
2024-05-19T06:54:53.399Z - Headers: {"channel":"CP","user":"OOO","Content-Type":"application/json"}
2024-05-19T06:54:54.401Z - Response: {"status":200,"body":"{\"status\":{\"code\":200,\"msg\":\"Success\"}}"}
2024-05-19T06:54:54.402Z - Price is valid for 舊金山馬拉松, request successful.
2024-05-19T06:54:54.402Z - Sending payload: {"name":"北海道馬拉松","price":53900}
2024-05-19T06:54:54.403Z - Headers: {"channel":"CP","user":"OOO","Content-Type":"application/json"}
2024-05-19T06:54:55.409Z - Response: {"status":200,"body":"{\"status\":{\"code\":200,\"msg\":\"Success\"}}"}
2024-05-19T06:54:55.410Z - Price is valid for 北海道馬拉松, request successful.
2024-05-19T06:54:55.411Z - Sending payload: {"name":"福岡馬拉松","price":null}
2024-05-19T06:54:55.411Z - Headers: {"channel":"CP","user":"OOO","Content-Type":"application/json"}
2024-05-19T06:54:56.431Z - Response: {"url":"https://api.schedule.asiayo.com/","status":400,"contentType":"application/JSON","headers":{"cache-control":"no-cache, private","content-type":"application/JSON","date":"Wed, 01 May 2099 00:00:00 GMT","server":"nginx","x-request-id":"679723986539296061"},"body":"{\"status\":{\"code\":400,\"msg\":\"Validation failed.\"},\"data\":{\"errors\":{\"price\":[\"The price must be numeric\"]}}}"}
2024-05-19T06:54:56.453Z - Errors for 福岡馬拉松: {"price":["The price must be numeric"]}
2024-05-19T06:54:56.455Z - Sending payload: {"name":"那霸馬拉松","price":null}
2024-05-19T06:54:56.456Z - Headers: {"channel":"CP","user":"OOO","Content-Type":"application/json"}
2024-05-19T06:54:57.462Z - Response: {"url":"https://api.schedule.asiayo.com/","status":400,"contentType":"application/JSON","headers":{"cache-control":"no-cache, private","content-type":"application/JSON","date":"Wed, 01 May 2099 00:00:00 GMT","server":"nginx","x-request-id":"679723986539296061"},"body":"{\"status\":{\"code\":400,\"msg\":\"Validation failed.\"},\"data\":{\"errors\":{\"price\":[\"The price must be numeric\"]}}}"}
2024-05-19T06:54:57.464Z - Errors for 那霸馬拉松: {"price":["The price must be numeric"]}
2024-05-19T06:54:57.466Z - Sending payload: {"name":"奈良馬拉松","price":null}
2024-05-19T06:54:57.468Z - Headers: {"channel":"CP","user":"OOO","Content-Type":"application/json"}
2024-05-19T06:54:58.481Z - Response: {"url":"https://api.schedule.asiayo.com/","status":400,"contentType":"application/JSON","headers":{"cache-control":"no-cache, private","content-type":"application/JSON","date":"Wed, 01 May 2099 00:00:00 GMT","server":"nginx","x-request-id":"679723986539296061"},"body":"{\"status\":{\"code\":400,\"msg\":\"Validation failed.\"},\"data\":{\"errors\":{\"price\":[\"The price must be numeric\"]}}}"}
2024-05-19T06:54:58.482Z - Errors for 奈良馬拉松: {"price":["The price must be numeric"]}
2024-05-19T06:54:58.483Z - Sending payload: {"name":"熊本城馬拉松","price":null}
2024-05-19T06:54:58.483Z - Headers: {"channel":"CP","user":"OOO","Content-Type":"application/json"}
2024-05-19T06:54:59.486Z - Response: {"url":"https://api.schedule.asiayo.com/","status":400,"contentType":"application/JSON","headers":{"cache-control":"no-cache, private","content-type":"application/JSON","date":"Wed, 01 May 2099 00:00:00 GMT","server":"nginx","x-request-id":"679723986539296061"},"body":"{\"status\":{\"code\":400,\"msg\":\"Validation failed.\"},\"data\":{\"errors\":{\"price\":[\"The price must be numeric\"]}}}"}
2024-05-19T06:54:59.490Z - Errors for 熊本城馬拉松: {"price":["The price must be numeric"]}
2024-05-19T06:54:59.492Z - Sending payload: {"name":"京都馬拉松","price":null}
2024-05-19T06:54:59.495Z - Headers: {"channel":"CP","user":"OOO","Content-Type":"application/json"}
2024-05-19T06:55:00.509Z - Response: {"url":"https://api.schedule.asiayo.com/","status":400,"contentType":"application/JSON","headers":{"cache-control":"no-cache, private","content-type":"application/JSON","date":"Wed, 01 May 2099 00:00:00 GMT","server":"nginx","x-request-id":"679723986539296061"},"body":"{\"status\":{\"code\":400,\"msg\":\"Validation failed.\"},\"data\":{\"errors\":{\"price\":[\"The price must be numeric\"]}}}"}
2024-05-19T06:55:00.510Z - Errors for 京都馬拉松: {"price":["The price must be numeric"]}
2024-05-19T06:55:00.511Z - Sending payload: {"name":"北九州馬拉松","price":null}
2024-05-19T06:55:00.511Z - Headers: {"channel":"CP","user":"OOO","Content-Type":"application/json"}
2024-05-19T06:55:01.518Z - Response: {"url":"https://api.schedule.asiayo.com/","status":400,"contentType":"application/JSON","headers":{"cache-control":"no-cache, private","content-type":"application/JSON","date":"Wed, 01 May 2099 00:00:00 GMT","server":"nginx","x-request-id":"679723986539296061"},"body":"{\"status\":{\"code\":400,\"msg\":\"Validation failed.\"},\"data\":{\"errors\":{\"price\":[\"The price must be numeric\"]}}}"}
2024-05-19T06:55:01.521Z - Errors for 北九州馬拉松: {"price":["The price must be numeric"]}
2024-05-19T06:55:01.524Z - Sending payload: {"name":"姬路城馬拉松","price":8888}
2024-05-19T06:55:01.526Z - Headers: {"channel":"CP","user":"OOO","Content-Type":"application/json"}
2024-05-19T06:55:02.529Z - Response: {"status":200,"body":"{\"status\":{\"code\":200,\"msg\":\"Success\"}}"}
2024-05-19T06:55:02.532Z - Price is valid for 姬路城馬拉松, request successful.
2024-05-19T06:55:02.535Z - Sending payload: {"name":"九州佐賀縣櫻花馬拉松","price":null}
2024-05-19T06:55:02.537Z - Headers: {"channel":"CP","user":"OOO","Content-Type":"application/json"}
2024-05-19T06:55:03.550Z - Response: {"url":"https://api.schedule.asiayo.com/","status":400,"contentType":"application/JSON","headers":{"cache-control":"no-cache, private","content-type":"application/JSON","date":"Wed, 01 May 2099 00:00:00 GMT","server":"nginx","x-request-id":"679723986539296061"},"body":"{\"status\":{\"code\":400,\"msg\":\"Validation failed.\"},\"data\":{\"errors\":{\"price\":[\"The price must be numeric\"]}}}"}
2024-05-19T06:55:03.551Z - Errors for 九州佐賀縣櫻花馬拉松: {"price":["The price must be numeric"]}
2024-05-19T06:55:03.552Z - Sending payload: {"name":"鹿兒島馬拉松","price":7166}
2024-05-19T06:55:03.552Z - Headers: {"channel":"CP","user":"OOO","Content-Type":"application/json"}
2024-05-19T06:55:04.556Z - Response: {"status":200,"body":"{\"status\":{\"code\":200,\"msg\":\"Success\"}}"}
2024-05-19T06:55:04.557Z - Price is valid for 鹿兒島馬拉松, request successful.
2024-05-19T06:55:04.557Z - Sending payload: {"name":"名古屋女子馬拉松","price":11100}
2024-05-19T06:55:04.558Z - Headers: {"channel":"CP","user":"OOO","Content-Type":"application/json"}
2024-05-19T06:55:05.561Z - Response: {"status":200,"body":"{\"status\":{\"code\":200,\"msg\":\"Success\"}}"}
2024-05-19T06:55:05.562Z - Price is valid for 名古屋女子馬拉松, request successful.
2024-05-19T06:55:05.562Z - Sending payload: {"name":"飛鳥半馬拉松","price":1000}
2024-05-19T06:55:05.564Z - Headers: {"channel":"CP","user":"OOO","Content-Type":"application/json"}
2024-05-19T06:55:06.567Z - Response: {"status":200,"body":"{\"status\":{\"code\":200,\"msg\":\"Success\"}}"}
2024-05-19T06:55:06.568Z - Price is valid for 飛鳥半馬拉松, request successful.
2024-05-19T06:55:06.568Z - Sending payload: {"name":"布拉格馬拉松","price":129900}
2024-05-19T06:55:06.569Z - Headers: {"channel":"CP","user":"OOO","Content-Type":"application/json"}
2024-05-19T06:55:07.575Z - Response: {"status":200,"body":"{\"status\":{\"code\":200,\"msg\":\"Success\"}}"}
2024-05-19T06:55:07.576Z - Price is valid for 布拉格馬拉松, request successful.
2024-05-19T06:55:07.576Z - Sending payload: {"name":"洞爺湖馬拉松","price":6000}
2024-05-19T06:55:07.577Z - Headers: {"channel":"CP","user":"OOO","Content-Type":"application/json"}
2024-05-19T06:55:08.583Z - Response: {"status":200,"body":"{\"status\":{\"code\":200,\"msg\":\"Success\"}}"}
2024-05-19T06:55:08.583Z - Price is valid for 洞爺湖馬拉松, request successful.
2024-05-19T06:55:08.584Z - Sending payload: {"name":"函館馬拉松","price":8850}
2024-05-19T06:55:08.585Z - Headers: {"channel":"CP","user":"OOO","Content-Type":"application/json"}
2024-05-19T06:55:09.594Z - Response: {"status":200,"body":"{\"status\":{\"code\":200,\"msg\":\"Success\"}}"}
2024-05-19T06:55:09.594Z - Price is valid for 函館馬拉松, request successful.
2024-05-19T06:55:09.595Z - Sending payload: {"name":"富士山馬拉松","price":13200}
2024-05-19T06:55:09.596Z - Headers: {"channel":"CP","user":"OOO","Content-Type":"application/json"}
2024-05-19T06:55:10.602Z - Response: {"status":200,"body":"{\"status\":{\"code\":200,\"msg\":\"Success\"}}"}
2024-05-19T06:55:10.603Z - Price is valid for 富士山馬拉松, request successful.
2024-05-19T06:58:03.737Z - ========================================================
2024-05-19T06:58:03.738Z - Starting to scrape activities
2024-05-19T06:58:04.170Z - Browser launched
2024-05-19T06:58:04.226Z - New page created
2024-05-19T06:58:08.323Z - Navigated to https://asiayo.com/zh-tw/package/sport-activities/
2024-05-19T06:58:08.341Z - Selector h2.sc-bTUVah.gHXvgE found
2024-05-19T06:58:08.344Z - Data has been written to C:\Users\zheng\Desktop\js\sports-activities\data\activity.csv
2024-05-19T06:58:08.524Z - Browser closed
2024-05-19T06:58:08.525Z - ========================================================
2024-05-19T06:58:08.526Z - Starting CSV to JSON conversion
2024-05-19T06:58:08.527Z - File C:\Users\zheng\Desktop\js\sports-activities\data\activity.csv does not exist
